mode: atomic
github.com/larksuite/cli/shortcuts/common/common.go:17.70,18.38 1 0
github.com/larksuite/cli/shortcuts/common/common.go:18.38,20.3 1 0
github.com/larksuite/cli/shortcuts/common/common.go:21.2,23.26 1 0
github.com/larksuite/cli/shortcuts/common/common.go:26.37,27.18 1 0
github.com/larksuite/cli/shortcuts/common/common.go:27.18,29.3 1 0
github.com/larksuite/cli/shortcuts/common/common.go:30.2,30.23 1 0
github.com/larksuite/cli/shortcuts/common/common.go:30.23,32.3 1 0
github.com/larksuite/cli/shortcuts/common/common.go:33.2,33.28 1 0
github.com/larksuite/cli/shortcuts/common/common.go:33.28,35.3 1 0
github.com/larksuite/cli/shortcuts/common/common.go:36.2,36.62 1 0
github.com/larksuite/cli/shortcuts/common/common.go:39.37,40.20 1 0
github.com/larksuite/cli/shortcuts/common/common.go:40.20,42.3 1 0
github.com/larksuite/cli/shortcuts/common/common.go:43.2,43.21 1 0
github.com/larksuite/cli/shortcuts/common/common.go:43.21,45.3 1 0
github.com/larksuite/cli/shortcuts/common/common.go:46.2,46.49 1 0
github.com/larksuite/cli/shortcuts/common/common.go:57.62,62.41 3 13
github.com/larksuite/cli/shortcuts/common/common.go:62.41,63.12 1 2
github.com/larksuite/cli/shortcuts/common/common.go:63.12,65.4 1 1
github.com/larksuite/cli/shortcuts/common/common.go:66.3,66.75 1 1
github.com/larksuite/cli/shortcuts/common/common.go:70.2,75.30 2 13
github.com/larksuite/cli/shortcuts/common/common.go:75.30,76.49 1 39
github.com/larksuite/cli/shortcuts/common/common.go:76.49,78.4 1 0
github.com/larksuite/cli/shortcuts/common/common.go:81.2,87.35 2 13
github.com/larksuite/cli/shortcuts/common/common.go:87.35,88.71 1 52
github.com/larksuite/cli/shortcuts/common/common.go:88.71,90.4 1 0
github.com/larksuite/cli/shortcuts/common/common.go:93.2,93.81 1 13
github.com/larksuite/cli/shortcuts/common/common.go:93.81,95.3 1 2
github.com/larksuite/cli/shortcuts/common/common.go:97.2,98.110 2 11
github.com/larksuite/cli/shortcuts/common/common.go:98.110,100.3 1 1
github.com/larksuite/cli/shortcuts/common/common.go:101.2,101.136 1 10
github.com/larksuite/cli/shortcuts/common/common.go:105.51,106.15 1 0
github.com/larksuite/cli/shortcuts/common/common.go:106.15,108.3 1 0
github.com/larksuite/cli/shortcuts/common/common.go:109.2,110.13 2 0
github.com/larksuite/cli/shortcuts/common/common.go:110.13,112.3 1 0
github.com/larksuite/cli/shortcuts/common/common.go:113.2,115.12 3 0
github.com/larksuite/cli/shortcuts/common/common.go:115.12,117.3 1 0
github.com/larksuite/cli/shortcuts/common/common.go:118.2,118.14 1 0
github.com/larksuite/cli/shortcuts/common/common.go:118.14,120.3 1 0
github.com/larksuite/cli/shortcuts/common/common.go:121.2,122.48 2 0
github.com/larksuite/cli/shortcuts/common/common.go:126.40,127.15 1 0
github.com/larksuite/cli/shortcuts/common/common.go:127.15,129.3 1 0
github.com/larksuite/cli/shortcuts/common/common.go:130.2,131.13 2 0
github.com/larksuite/cli/shortcuts/common/common.go:131.13,133.3 1 0
github.com/larksuite/cli/shortcuts/common/common.go:134.2,136.12 3 0
github.com/larksuite/cli/shortcuts/common/common.go:136.12,138.3 1 0
github.com/larksuite/cli/shortcuts/common/common.go:140.2,140.14 1 0
github.com/larksuite/cli/shortcuts/common/common.go:140.14,142.3 1 0
github.com/larksuite/cli/shortcuts/common/common.go:143.2,144.45 2 0
github.com/larksuite/cli/shortcuts/common/common.go:148.38,149.17 1 0
github.com/larksuite/cli/shortcuts/common/common.go:149.17,151.3 1 0
github.com/larksuite/cli/shortcuts/common/common.go:152.2,154.26 3 0
github.com/larksuite/cli/shortcuts/common/common.go:154.26,156.14 2 0
github.com/larksuite/cli/shortcuts/common/common.go:156.14,158.4 1 0
github.com/larksuite/cli/shortcuts/common/common.go:160.2,160.15 1 0
github.com/larksuite/cli/shortcuts/common/common.go:164.73,165.58 1 0
github.com/larksuite/cli/shortcuts/common/common.go:165.58,167.16 2 0
github.com/larksuite/cli/shortcuts/common/common.go:167.16,171.4 3 0
github.com/larksuite/cli/shortcuts/common/common.go:173.2,173.14 1 0
github.com/larksuite/cli/shortcuts/common/common.go:177.100,178.16 1 0
github.com/larksuite/cli/shortcuts/common/common.go:178.16,180.3 1 0
github.com/larksuite/cli/shortcuts/common/common.go:181.2,183.15 3 0
github.com/larksuite/cli/shortcuts/common/common.go:183.15,188.3 4 0
github.com/larksuite/cli/shortcuts/common/common.go:189.2,190.18 2 0
github.com/larksuite/cli/shortcuts/common/common.go:194.42,196.17 2 1
github.com/larksuite/cli/shortcuts/common/common.go:196.17,198.3 1 1
github.com/larksuite/cli/shortcuts/common/common.go:199.2,199.22 1 0
github.com/larksuite/cli/shortcuts/common/extract.go:11.65,12.20 1 9
github.com/larksuite/cli/shortcuts/common/extract.go:12.20,14.3 1 1
github.com/larksuite/cli/shortcuts/common/extract.go:15.2,16.14 2 8
github.com/larksuite/cli/shortcuts/common/extract.go:16.14,18.3 1 1
github.com/larksuite/cli/shortcuts/common/extract.go:19.2,20.10 2 7
github.com/larksuite/cli/shortcuts/common/extract.go:24.65,25.20 1 4
github.com/larksuite/cli/shortcuts/common/extract.go:25.20,27.3 1 1
github.com/larksuite/cli/shortcuts/common/extract.go:28.2,29.14 2 3
github.com/larksuite/cli/shortcuts/common/extract.go:29.14,31.3 1 0
github.com/larksuite/cli/shortcuts/common/extract.go:32.2,33.10 2 3
github.com/larksuite/cli/shortcuts/common/extract.go:37.61,38.20 1 4
github.com/larksuite/cli/shortcuts/common/extract.go:38.20,40.3 1 1
github.com/larksuite/cli/shortcuts/common/extract.go:41.2,42.14 2 3
github.com/larksuite/cli/shortcuts/common/extract.go:42.14,44.3 1 0
github.com/larksuite/cli/shortcuts/common/extract.go:45.2,46.10 2 3
github.com/larksuite/cli/shortcuts/common/extract.go:50.78,51.20 1 3
github.com/larksuite/cli/shortcuts/common/extract.go:51.20,53.3 1 1
github.com/larksuite/cli/shortcuts/common/extract.go:54.2,54.26 1 2
github.com/larksuite/cli/shortcuts/common/extract.go:58.71,59.20 1 4
github.com/larksuite/cli/shortcuts/common/extract.go:59.20,61.3 1 1
github.com/larksuite/cli/shortcuts/common/extract.go:62.2,63.14 2 3
github.com/larksuite/cli/shortcuts/common/extract.go:63.14,65.3 1 0
github.com/larksuite/cli/shortcuts/common/extract.go:66.2,67.10 2 3
github.com/larksuite/cli/shortcuts/common/extract.go:71.70,72.15 1 1
github.com/larksuite/cli/shortcuts/common/extract.go:72.15,74.3 1 0
github.com/larksuite/cli/shortcuts/common/extract.go:75.2,75.29 1 1
github.com/larksuite/cli/shortcuts/common/extract.go:75.29,76.49 1 4
github.com/larksuite/cli/shortcuts/common/extract.go:76.49,78.4 1 2
github.com/larksuite/cli/shortcuts/common/extract.go:83.79,85.25 2 19
github.com/larksuite/cli/shortcuts/common/extract.go:85.25,87.10 2 9
github.com/larksuite/cli/shortcuts/common/extract.go:87.10,89.4 1 1
github.com/larksuite/cli/shortcuts/common/extract.go:90.3,90.13 1 8
github.com/larksuite/cli/shortcuts/common/extract.go:92.2,92.12 1 18
github.com/larksuite/cli/shortcuts/common/helpers.go:23.55,25.2 1 0
github.com/larksuite/cli/shortcuts/common/helpers.go:28.90,33.2 4 0
github.com/larksuite/cli/shortcuts/common/helpers.go:36.50,38.2 1 0
github.com/larksuite/cli/shortcuts/common/helpers.go:41.60,42.15 1 3
github.com/larksuite/cli/shortcuts/common/helpers.go:42.15,44.3 1 1
github.com/larksuite/cli/shortcuts/common/helpers.go:45.2,45.41 1 2
github.com/larksuite/cli/shortcuts/common/helpers.go:45.41,47.3 1 1
github.com/larksuite/cli/shortcuts/common/helpers.go:47.8,47.44 1 1
github.com/larksuite/cli/shortcuts/common/helpers.go:47.44,49.3 1 0
github.com/larksuite/cli/shortcuts/common/helpers.go:50.2,50.12 1 1
github.com/larksuite/cli/shortcuts/common/mcp_client.go:24.47,26.2 1 0
github.com/larksuite/cli/shortcuts/common/mcp_client.go:29.121,31.16 2 0
github.com/larksuite/cli/shortcuts/common/mcp_client.go:31.16,33.3 1 0
github.com/larksuite/cli/shortcuts/common/mcp_client.go:35.2,36.16 2 0
github.com/larksuite/cli/shortcuts/common/mcp_client.go:36.16,38.3 1 0
github.com/larksuite/cli/shortcuts/common/mcp_client.go:40.2,41.16 2 0
github.com/larksuite/cli/shortcuts/common/mcp_client.go:41.16,43.3 1 0
github.com/larksuite/cli/shortcuts/common/mcp_client.go:45.2,45.36 1 0
github.com/larksuite/cli/shortcuts/common/mcp_client.go:48.78,50.50 2 4
github.com/larksuite/cli/shortcuts/common/mcp_client.go:50.50,51.79 1 2
github.com/larksuite/cli/shortcuts/common/mcp_client.go:51.79,53.4 1 1
github.com/larksuite/cli/shortcuts/common/mcp_client.go:54.3,54.16 1 1
github.com/larksuite/cli/shortcuts/common/mcp_client.go:56.2,56.34 1 2
github.com/larksuite/cli/shortcuts/common/mcp_client.go:56.34,58.3 1 1
github.com/larksuite/cli/shortcuts/common/mcp_client.go:59.2,59.54 1 1
github.com/larksuite/cli/shortcuts/common/mcp_client.go:62.181,74.16 3 4
github.com/larksuite/cli/shortcuts/common/mcp_client.go:74.16,76.3 1 0
github.com/larksuite/cli/shortcuts/common/mcp_client.go:78.2,79.16 2 4
github.com/larksuite/cli/shortcuts/common/mcp_client.go:79.16,81.3 1 0
github.com/larksuite/cli/shortcuts/common/mcp_client.go:82.2,83.11 2 4
github.com/larksuite/cli/shortcuts/common/mcp_client.go:83.11,85.3 1 1
github.com/larksuite/cli/shortcuts/common/mcp_client.go:85.8,87.3 1 3
github.com/larksuite/cli/shortcuts/common/mcp_client.go:88.2,91.16 3 4
github.com/larksuite/cli/shortcuts/common/mcp_client.go:91.16,93.3 1 1
github.com/larksuite/cli/shortcuts/common/mcp_client.go:94.2,97.16 3 3
github.com/larksuite/cli/shortcuts/common/mcp_client.go:97.16,99.3 1 0
github.com/larksuite/cli/shortcuts/common/mcp_client.go:100.2,100.28 1 3
github.com/larksuite/cli/shortcuts/common/mcp_client.go:100.28,102.3 1 1
github.com/larksuite/cli/shortcuts/common/mcp_client.go:104.2,105.56 2 2
github.com/larksuite/cli/shortcuts/common/mcp_client.go:105.56,107.3 1 0
github.com/larksuite/cli/shortcuts/common/mcp_client.go:109.2,109.37 1 2
github.com/larksuite/cli/shortcuts/common/mcp_client.go:109.37,111.3 1 1
github.com/larksuite/cli/shortcuts/common/mcp_client.go:113.2,113.45 1 1
github.com/larksuite/cli/shortcuts/common/mcp_client.go:116.77,118.55 2 1
github.com/larksuite/cli/shortcuts/common/mcp_client.go:118.55,119.41 1 0
github.com/larksuite/cli/shortcuts/common/mcp_client.go:119.41,121.4 1 0
github.com/larksuite/cli/shortcuts/common/mcp_client.go:122.3,122.68 1 0
github.com/larksuite/cli/shortcuts/common/mcp_client.go:122.68,124.4 1 0
github.com/larksuite/cli/shortcuts/common/mcp_client.go:127.2,128.43 2 1
github.com/larksuite/cli/shortcuts/common/mcp_client.go:128.43,130.3 1 1
github.com/larksuite/cli/shortcuts/common/mcp_client.go:131.2,131.103 1 0
github.com/larksuite/cli/shortcuts/common/mcp_client.go:134.56,135.55 1 1
github.com/larksuite/cli/shortcuts/common/mcp_client.go:135.55,137.16 2 1
github.com/larksuite/cli/shortcuts/common/mcp_client.go:137.16,139.4 1 0
github.com/larksuite/cli/shortcuts/common/mcp_client.go:140.3,140.53 1 1
github.com/larksuite/cli/shortcuts/common/mcp_client.go:140.53,142.4 1 1
github.com/larksuite/cli/shortcuts/common/mcp_client.go:143.3,143.16 1 0
github.com/larksuite/cli/shortcuts/common/mcp_client.go:143.16,145.4 1 0
github.com/larksuite/cli/shortcuts/common/mcp_client.go:148.2,148.68 1 0
github.com/larksuite/cli/shortcuts/common/mcp_client.go:148.68,150.3 1 0
github.com/larksuite/cli/shortcuts/common/mcp_client.go:152.2,152.85 1 0
github.com/larksuite/cli/shortcuts/common/mcp_client.go:155.68,157.9 2 0
github.com/larksuite/cli/shortcuts/common/mcp_client.go:161.44,170.4 1 0
github.com/larksuite/cli/shortcuts/common/mcp_client.go:171.10,181.4 2 0
github.com/larksuite/cli/shortcuts/common/mcp_client.go:185.95,187.22 2 0
github.com/larksuite/cli/shortcuts/common/mcp_client.go:187.22,189.3 1 0
github.com/larksuite/cli/shortcuts/common/mcp_client.go:191.2,192.15 2 0
github.com/larksuite/cli/shortcuts/common/mcp_client.go:192.15,194.3 1 0
github.com/larksuite/cli/shortcuts/common/mcp_client.go:195.2,195.15 1 0
github.com/larksuite/cli/shortcuts/common/mcp_client.go:195.15,197.3 1 0
github.com/larksuite/cli/shortcuts/common/mcp_client.go:198.2,198.47 1 0
github.com/larksuite/cli/shortcuts/common/mcp_client.go:201.49,203.9 2 2
github.com/larksuite/cli/shortcuts/common/mcp_client.go:203.9,205.3 1 0
github.com/larksuite/cli/shortcuts/common/mcp_client.go:206.2,210.43 4 2
github.com/larksuite/cli/shortcuts/common/mcp_client.go:210.43,211.15 1 1
github.com/larksuite/cli/shortcuts/common/mcp_client.go:211.15,213.4 1 0
github.com/larksuite/cli/shortcuts/common/mcp_client.go:214.3,214.38 1 1
github.com/larksuite/cli/shortcuts/common/mcp_client.go:216.2,216.43 1 1
github.com/larksuite/cli/shortcuts/common/mcp_client.go:216.43,218.3 1 0
github.com/larksuite/cli/shortcuts/common/mcp_client.go:219.2,219.10 1 1
github.com/larksuite/cli/shortcuts/common/mcp_client.go:222.52,224.9 2 6
github.com/larksuite/cli/shortcuts/common/mcp_client.go:224.9,226.3 1 2
github.com/larksuite/cli/shortcuts/common/mcp_client.go:228.2,229.9 2 4
github.com/larksuite/cli/shortcuts/common/mcp_client.go:229.9,231.3 1 2
github.com/larksuite/cli/shortcuts/common/mcp_client.go:232.2,232.23 1 2
github.com/larksuite/cli/shortcuts/common/mcp_client.go:232.23,233.84 1 1
github.com/larksuite/cli/shortcuts/common/mcp_client.go:233.84,236.64 3 1
github.com/larksuite/cli/shortcuts/common/mcp_client.go:236.64,238.5 1 1
github.com/larksuite/cli/shortcuts/common/mcp_client.go:239.4,239.15 1 0
github.com/larksuite/cli/shortcuts/common/mcp_client.go:243.2,244.31 2 1
github.com/larksuite/cli/shortcuts/common/mcp_client.go:244.31,246.10 2 2
github.com/larksuite/cli/shortcuts/common/mcp_client.go:246.10,247.12 1 0
github.com/larksuite/cli/shortcuts/common/mcp_client.go:249.3,249.48 1 2
github.com/larksuite/cli/shortcuts/common/mcp_client.go:249.48,251.4 1 2
github.com/larksuite/cli/shortcuts/common/mcp_client.go:253.2,253.34 1 1
github.com/larksuite/cli/shortcuts/common/pagination.go:9.83,12.21 3 7
github.com/larksuite/cli/shortcuts/common/pagination.go:12.21,14.3 1 4
github.com/larksuite/cli/shortcuts/common/pagination.go:15.2,15.8 1 7
github.com/larksuite/cli/shortcuts/common/pagination.go:19.68,21.14 2 2
github.com/larksuite/cli/shortcuts/common/pagination.go:21.14,23.3 1 1
github.com/larksuite/cli/shortcuts/common/pagination.go:24.2,24.83 1 1
github.com/larksuite/cli/shortcuts/common/runner.go:48.47,49.17 1 0
github.com/larksuite/cli/shortcuts/common/runner.go:49.17,51.3 1 0
github.com/larksuite/cli/shortcuts/common/runner.go:52.2,52.28 1 0
github.com/larksuite/cli/shortcuts/common/runner.go:52.28,54.3 1 0
github.com/larksuite/cli/shortcuts/common/runner.go:55.2,55.26 1 0
github.com/larksuite/cli/shortcuts/common/runner.go:55.26,57.3 1 0
github.com/larksuite/cli/shortcuts/common/runner.go:58.2,58.20 1 0
github.com/larksuite/cli/shortcuts/common/runner.go:62.41,64.2 1 0
github.com/larksuite/cli/shortcuts/common/runner.go:67.48,67.80 1 0
github.com/larksuite/cli/shortcuts/common/runner.go:70.50,70.68 1 0
github.com/larksuite/cli/shortcuts/common/runner.go:73.70,74.26 1 0
github.com/larksuite/cli/shortcuts/common/runner.go:74.26,76.3 1 0
github.com/larksuite/cli/shortcuts/common/runner.go:77.2,78.16 2 0
github.com/larksuite/cli/shortcuts/common/runner.go:78.16,80.3 1 0
github.com/larksuite/cli/shortcuts/common/runner.go:82.2,84.16 3 0
github.com/larksuite/cli/shortcuts/common/runner.go:90.58,91.17 1 0
github.com/larksuite/cli/shortcuts/common/runner.go:91.17,93.17 2 0
github.com/larksuite/cli/shortcuts/common/runner.go:93.17,95.4 1 0
github.com/larksuite/cli/shortcuts/common/runner.go:96.3,100.17 2 0
github.com/larksuite/cli/shortcuts/common/runner.go:100.17,102.4 1 0
github.com/larksuite/cli/shortcuts/common/runner.go:103.3,103.40 1 0
github.com/larksuite/cli/shortcuts/common/runner.go:105.2,106.16 2 0
github.com/larksuite/cli/shortcuts/common/runner.go:106.16,108.3 1 0
github.com/larksuite/cli/shortcuts/common/runner.go:109.2,110.16 2 0
github.com/larksuite/cli/shortcuts/common/runner.go:110.16,112.3 1 0
github.com/larksuite/cli/shortcuts/common/runner.go:113.2,113.19 1 0
github.com/larksuite/cli/shortcuts/common/runner.go:117.51,119.2 1 0
github.com/larksuite/cli/shortcuts/common/runner.go:124.52,127.2 2 21
github.com/larksuite/cli/shortcuts/common/runner.go:130.51,133.2 2 0
github.com/larksuite/cli/shortcuts/common/runner.go:136.49,139.2 2 5
github.com/larksuite/cli/shortcuts/common/runner.go:142.59,145.2 2 0
github.com/larksuite/cli/shortcuts/common/runner.go:154.137,157.2 2 0
github.com/larksuite/cli/shortcuts/common/runner.go:163.125,165.2 1 0
github.com/larksuite/cli/shortcuts/common/runner.go:168.161,170.16 2 0
github.com/larksuite/cli/shortcuts/common/runner.go:170.16,172.3 1 0
github.com/larksuite/cli/shortcuts/common/runner.go:173.2,174.43 2 0
github.com/larksuite/cli/shortcuts/common/runner.go:179.196,181.16 2 0
github.com/larksuite/cli/shortcuts/common/runner.go:181.16,183.3 1 0
github.com/larksuite/cli/shortcuts/common/runner.go:184.2,185.52 2 0
github.com/larksuite/cli/shortcuts/common/runner.go:188.131,196.64 2 0
github.com/larksuite/cli/shortcuts/common/runner.go:196.64,198.3 1 0
github.com/larksuite/cli/shortcuts/common/runner.go:199.2,199.12 1 0
github.com/larksuite/cli/shortcuts/common/runner.go:202.126,204.16 2 0
github.com/larksuite/cli/shortcuts/common/runner.go:204.16,206.3 1 0
github.com/larksuite/cli/shortcuts/common/runner.go:207.2,207.73 1 0
github.com/larksuite/cli/shortcuts/common/runner.go:217.119,219.16 2 0
github.com/larksuite/cli/shortcuts/common/runner.go:219.16,221.3 1 0
github.com/larksuite/cli/shortcuts/common/runner.go:222.2,222.64 1 0
github.com/larksuite/cli/shortcuts/common/runner.go:222.64,224.3 1 0
github.com/larksuite/cli/shortcuts/common/runner.go:225.2,225.57 1 0
github.com/larksuite/cli/shortcuts/common/runner.go:231.124,233.16 2 0
github.com/larksuite/cli/shortcuts/common/runner.go:233.16,235.3 1 0
github.com/larksuite/cli/shortcuts/common/runner.go:236.2,236.64 1 0
github.com/larksuite/cli/shortcuts/common/runner.go:236.64,238.3 1 0
github.com/larksuite/cli/shortcuts/common/runner.go:239.2,239.59 1 0
github.com/larksuite/cli/shortcuts/common/runner.go:247.49,249.21 2 0
github.com/larksuite/cli/shortcuts/common/runner.go:249.21,251.3 1 0
github.com/larksuite/cli/shortcuts/common/runner.go:252.2,252.12 1 0
github.com/larksuite/cli/shortcuts/common/runner.go:257.170,259.16 2 0
github.com/larksuite/cli/shortcuts/common/runner.go:259.16,261.3 1 0
github.com/larksuite/cli/shortcuts/common/runner.go:263.2,264.17 2 0
github.com/larksuite/cli/shortcuts/common/runner.go:264.17,266.3 1 0
github.com/larksuite/cli/shortcuts/common/runner.go:268.2,269.19 2 0
github.com/larksuite/cli/shortcuts/common/runner.go:269.20,269.21 0 0
github.com/larksuite/cli/shortcuts/common/runner.go:270.2,270.17 1 0
github.com/larksuite/cli/shortcuts/common/runner.go:270.17,271.57 1 0
github.com/larksuite/cli/shortcuts/common/runner.go:271.57,273.4 1 0
github.com/larksuite/cli/shortcuts/common/runner.go:276.2,277.27 2 0
github.com/larksuite/cli/shortcuts/common/runner.go:277.27,279.3 1 0
github.com/larksuite/cli/shortcuts/common/runner.go:280.2,280.26 1 0
github.com/larksuite/cli/shortcuts/common/runner.go:280.26,282.3 1 0
github.com/larksuite/cli/shortcuts/common/runner.go:283.2,283.84 1 0
github.com/larksuite/cli/shortcuts/common/runner.go:283.84,285.3 1 0
github.com/larksuite/cli/shortcuts/common/runner.go:287.2,288.16 2 0
github.com/larksuite/cli/shortcuts/common/runner.go:288.16,291.3 2 0
github.com/larksuite/cli/shortcuts/common/runner.go:293.2,294.16 2 0
github.com/larksuite/cli/shortcuts/common/runner.go:294.16,297.3 2 0
github.com/larksuite/cli/shortcuts/common/runner.go:298.2,299.16 2 0
github.com/larksuite/cli/shortcuts/common/runner.go:299.16,302.3 2 0
github.com/larksuite/cli/shortcuts/common/runner.go:304.2,305.16 2 0
github.com/larksuite/cli/shortcuts/common/runner.go:305.16,308.3 2 0
github.com/larksuite/cli/shortcuts/common/runner.go:309.2,309.57 1 0
github.com/larksuite/cli/shortcuts/common/runner.go:309.57,310.32 1 0
github.com/larksuite/cli/shortcuts/common/runner.go:310.32,312.4 1 0
github.com/larksuite/cli/shortcuts/common/runner.go:314.2,314.41 1 0
github.com/larksuite/cli/shortcuts/common/runner.go:314.41,315.32 1 0
github.com/larksuite/cli/shortcuts/common/runner.go:315.32,317.4 1 0
github.com/larksuite/cli/shortcuts/common/runner.go:319.2,319.23 1 0
github.com/larksuite/cli/shortcuts/common/runner.go:319.23,321.3 1 0
github.com/larksuite/cli/shortcuts/common/runner.go:322.2,325.16 3 0
github.com/larksuite/cli/shortcuts/common/runner.go:325.16,328.3 2 0
github.com/larksuite/cli/shortcuts/common/runner.go:329.2,330.18 2 0
github.com/larksuite/cli/shortcuts/common/runner.go:333.88,335.93 2 0
github.com/larksuite/cli/shortcuts/common/runner.go:335.93,337.59 2 0
github.com/larksuite/cli/shortcuts/common/runner.go:337.59,338.40 1 0
github.com/larksuite/cli/shortcuts/common/runner.go:338.40,340.13 2 0
github.com/larksuite/cli/shortcuts/common/runner.go:342.4,344.11 3 0
github.com/larksuite/cli/shortcuts/common/runner.go:344.11,346.5 1 0
github.com/larksuite/cli/shortcuts/common/runner.go:347.4,347.23 1 0
github.com/larksuite/cli/shortcuts/common/runner.go:347.23,349.5 1 0
github.com/larksuite/cli/shortcuts/common/runner.go:350.4,350.58 1 0
github.com/larksuite/cli/shortcuts/common/runner.go:352.3,353.84 2 0
github.com/larksuite/cli/shortcuts/common/runner.go:355.2,355.52 1 0
github.com/larksuite/cli/shortcuts/common/runner.go:355.52,357.3 1 0
github.com/larksuite/cli/shortcuts/common/runner.go:358.2,358.24 1 0
github.com/larksuite/cli/shortcuts/common/runner.go:361.74,362.30 1 0
github.com/larksuite/cli/shortcuts/common/runner.go:363.11,364.22 1 0
github.com/larksuite/cli/shortcuts/common/runner.go:365.17,366.24 1 0
github.com/larksuite/cli/shortcuts/common/runner.go:367.14,368.41 1 0
github.com/larksuite/cli/shortcuts/common/runner.go:369.14,370.68 1 0
github.com/larksuite/cli/shortcuts/common/runner.go:371.10,373.17 2 0
github.com/larksuite/cli/shortcuts/common/runner.go:373.17,375.4 1 0
github.com/larksuite/cli/shortcuts/common/runner.go:376.3,376.59 1 0
github.com/larksuite/cli/shortcuts/common/runner.go:382.124,388.17 2 0
github.com/larksuite/cli/shortcuts/common/runner.go:388.17,390.3 1 0
github.com/larksuite/cli/shortcuts/common/runner.go:391.2,392.16 2 0
github.com/larksuite/cli/shortcuts/common/runner.go:392.16,394.3 1 0
github.com/larksuite/cli/shortcuts/common/runner.go:395.2,395.28 1 0
github.com/larksuite/cli/shortcuts/common/runner.go:395.28,396.28 1 0
github.com/larksuite/cli/shortcuts/common/runner.go:396.28,401.72 2 0
github.com/larksuite/cli/shortcuts/common/runner.go:401.72,403.5 1 0
github.com/larksuite/cli/shortcuts/common/runner.go:405.3,405.91 1 0
github.com/larksuite/cli/shortcuts/common/runner.go:407.2,407.28 1 0
github.com/larksuite/cli/shortcuts/common/runner.go:407.28,409.3 1 0
github.com/larksuite/cli/shortcuts/common/runner.go:410.2,415.64 2 0
github.com/larksuite/cli/shortcuts/common/runner.go:415.64,417.3 1 0
github.com/larksuite/cli/shortcuts/common/runner.go:418.2,418.24 1 0
github.com/larksuite/cli/shortcuts/common/runner.go:418.24,420.3 1 0
github.com/larksuite/cli/shortcuts/common/runner.go:421.2,421.27 1 0
github.com/larksuite/cli/shortcuts/common/runner.go:427.52,429.2 1 0
github.com/larksuite/cli/shortcuts/common/runner.go:434.69,438.2 3 0
github.com/larksuite/cli/shortcuts/common/runner.go:442.103,443.20 1 0
github.com/larksuite/cli/shortcuts/common/runner.go:444.16,445.22 1 0
github.com/larksuite/cli/shortcuts/common/runner.go:445.22,447.4 1 0
github.com/larksuite/cli/shortcuts/common/runner.go:447.9,449.4 1 0
github.com/larksuite/cli/shortcuts/common/runner.go:450.18,451.22 1 0
github.com/larksuite/cli/shortcuts/common/runner.go:452.10,456.16 2 0
github.com/larksuite/cli/shortcuts/common/runner.go:456.16,458.4 1 0
github.com/larksuite/cli/shortcuts/common/runner.go:459.3,459.49 1 0
github.com/larksuite/cli/shortcuts/common/runner.go:468.78,470.19 2 0
github.com/larksuite/cli/shortcuts/common/runner.go:470.19,472.3 1 0
github.com/larksuite/cli/shortcuts/common/runner.go:473.2,473.51 1 0
github.com/larksuite/cli/shortcuts/common/runner.go:478.71,480.56 2 9
github.com/larksuite/cli/shortcuts/common/runner.go:480.56,482.3 1 2
github.com/larksuite/cli/shortcuts/common/runner.go:485.2,486.16 2 7
github.com/larksuite/cli/shortcuts/common/runner.go:486.16,488.87 2 5
github.com/larksuite/cli/shortcuts/common/runner.go:488.87,489.35 1 14
github.com/larksuite/cli/shortcuts/common/runner.go:489.35,491.10 2 4
github.com/larksuite/cli/shortcuts/common/runner.go:495.2,495.16 1 7
github.com/larksuite/cli/shortcuts/common/runner.go:495.16,497.3 1 1
github.com/larksuite/cli/shortcuts/common/runner.go:499.2,505.92 4 6
github.com/larksuite/cli/shortcuts/common/runner.go:511.68,512.22 1 0
github.com/larksuite/cli/shortcuts/common/runner.go:512.22,514.3 1 0
github.com/larksuite/cli/shortcuts/common/runner.go:517.79,519.34 2 0
github.com/larksuite/cli/shortcuts/common/runner.go:519.34,521.3 1 0
github.com/larksuite/cli/shortcuts/common/runner.go:522.2,527.52 2 0
github.com/larksuite/cli/shortcuts/common/runner.go:527.52,529.4 1 0
github.com/larksuite/cli/shortcuts/common/runner.go:531.2,533.24 3 0
github.com/larksuite/cli/shortcuts/common/runner.go:538.91,540.16 2 0
github.com/larksuite/cli/shortcuts/common/runner.go:540.16,542.3 1 0
github.com/larksuite/cli/shortcuts/common/runner.go:544.2,545.16 2 0
github.com/larksuite/cli/shortcuts/common/runner.go:545.16,547.3 1 0
github.com/larksuite/cli/shortcuts/common/runner.go:551.2,551.89 1 0
github.com/larksuite/cli/shortcuts/common/runner.go:551.89,553.3 1 0
github.com/larksuite/cli/shortcuts/common/runner.go:555.2,556.16 2 0
github.com/larksuite/cli/shortcuts/common/runner.go:556.16,558.3 1 0
github.com/larksuite/cli/shortcuts/common/runner.go:560.2,560.57 1 0
github.com/larksuite/cli/shortcuts/common/runner.go:560.57,562.3 1 0
github.com/larksuite/cli/shortcuts/common/runner.go:563.2,563.23 1 0
github.com/larksuite/cli/shortcuts/common/runner.go:563.23,564.52 1 0
github.com/larksuite/cli/shortcuts/common/runner.go:564.52,566.4 1 0
github.com/larksuite/cli/shortcuts/common/runner.go:569.2,569.26 1 0
github.com/larksuite/cli/shortcuts/common/runner.go:569.26,571.3 1 0
github.com/larksuite/cli/shortcuts/common/runner.go:573.2,573.33 1 0
github.com/larksuite/cli/shortcuts/common/runner.go:573.33,574.86 1 0
github.com/larksuite/cli/shortcuts/common/runner.go:574.86,576.4 1 0
github.com/larksuite/cli/shortcuts/common/runner.go:579.2,579.34 1 0
github.com/larksuite/cli/shortcuts/common/runner.go:582.106,588.57 3 0
github.com/larksuite/cli/shortcuts/common/runner.go:588.57,590.3 1 0
github.com/larksuite/cli/shortcuts/common/runner.go:591.2,591.16 1 0
github.com/larksuite/cli/shortcuts/common/runner.go:594.91,595.70 1 0
github.com/larksuite/cli/shortcuts/common/runner.go:595.70,597.3 1 0
github.com/larksuite/cli/shortcuts/common/runner.go:598.2,599.23 2 0
github.com/larksuite/cli/shortcuts/common/runner.go:599.23,601.3 1 0
github.com/larksuite/cli/shortcuts/common/runner.go:602.2,604.212 1 0
github.com/larksuite/cli/shortcuts/common/runner.go:607.158,613.16 5 0
github.com/larksuite/cli/shortcuts/common/runner.go:613.16,615.3 1 0
github.com/larksuite/cli/shortcuts/common/runner.go:616.2,618.17 2 0
github.com/larksuite/cli/shortcuts/common/runner.go:618.17,620.3 1 0
github.com/larksuite/cli/shortcuts/common/runner.go:621.2,621.18 1 0
github.com/larksuite/cli/shortcuts/common/runner.go:624.66,625.27 1 0
github.com/larksuite/cli/shortcuts/common/runner.go:625.27,626.24 1 0
github.com/larksuite/cli/shortcuts/common/runner.go:626.24,627.12 1 0
github.com/larksuite/cli/shortcuts/common/runner.go:629.3,630.16 2 0
github.com/larksuite/cli/shortcuts/common/runner.go:630.16,631.12 1 0
github.com/larksuite/cli/shortcuts/common/runner.go:633.3,634.35 2 0
github.com/larksuite/cli/shortcuts/common/runner.go:634.35,635.22 1 0
github.com/larksuite/cli/shortcuts/common/runner.go:635.22,637.10 2 0
github.com/larksuite/cli/shortcuts/common/runner.go:640.3,640.13 1 0
github.com/larksuite/cli/shortcuts/common/runner.go:640.13,642.4 1 0
github.com/larksuite/cli/shortcuts/common/runner.go:644.2,644.12 1 0
github.com/larksuite/cli/shortcuts/common/runner.go:647.88,648.21 1 0
github.com/larksuite/cli/shortcuts/common/runner.go:648.21,650.3 1 0
github.com/larksuite/cli/shortcuts/common/runner.go:651.2,653.29 3 0
github.com/larksuite/cli/shortcuts/common/runner.go:653.29,655.3 1 0
github.com/larksuite/cli/shortcuts/common/runner.go:655.8,657.3 1 0
github.com/larksuite/cli/shortcuts/common/runner.go:658.2,658.12 1 0
github.com/larksuite/cli/shortcuts/common/runner.go:661.61,662.29 1 0
github.com/larksuite/cli/shortcuts/common/runner.go:662.29,664.23 2 0
github.com/larksuite/cli/shortcuts/common/runner.go:664.23,666.4 1 0
github.com/larksuite/cli/shortcuts/common/runner.go:667.3,667.18 1 0
github.com/larksuite/cli/shortcuts/common/runner.go:668.15,670.40 2 0
github.com/larksuite/cli/shortcuts/common/runner.go:671.14,674.37 3 0
github.com/larksuite/cli/shortcuts/common/runner.go:675.23,676.47 1 0
github.com/larksuite/cli/shortcuts/common/runner.go:677.11,678.49 1 0
github.com/larksuite/cli/shortcuts/common/runner.go:680.3,680.16 1 0
github.com/larksuite/cli/shortcuts/common/runner.go:680.16,682.4 1 0
github.com/larksuite/cli/shortcuts/common/runner.go:683.3,683.18 1 0
github.com/larksuite/cli/shortcuts/common/runner.go:683.18,685.4 1 0
github.com/larksuite/cli/shortcuts/common/runner.go:686.3,686.23 1 0
github.com/larksuite/cli/shortcuts/common/runner.go:686.23,688.130 2 0
github.com/larksuite/cli/shortcuts/common/runner.go:688.130,690.5 1 0
github.com/larksuite/cli/shortcuts/common/runner.go:694.2,695.17 2 0
github.com/larksuite/cli/shortcuts/common/runner.go:695.17,697.3 1 0
github.com/larksuite/cli/shortcuts/common/runner.go:698.2,698.33 1 0
github.com/larksuite/cli/shortcuts/common/runner.go:698.33,700.3 1 0
github.com/larksuite/cli/shortcuts/common/runner.go:701.2,703.125 2 0
github.com/larksuite/cli/shortcuts/common/runner.go:703.125,705.3 1 0
github.com/larksuite/cli/shortcuts/common/runner.go:706.2,706.17 1 0
github.com/larksuite/cli/shortcuts/common/runner.go:706.17,707.130 1 0
github.com/larksuite/cli/shortcuts/common/runner.go:707.130,709.4 1 0
github.com/larksuite/cli/shortcuts/common/sanitize.go:9.38,10.9 1 0
github.com/larksuite/cli/shortcuts/common/sanitize.go:11.34,12.14 1 0
github.com/larksuite/cli/shortcuts/common/sanitize.go:13.19,14.14 1 0
github.com/larksuite/cli/shortcuts/common/sanitize.go:15.34,16.14 1 0
github.com/larksuite/cli/shortcuts/common/sanitize.go:17.34,18.14 1 0
github.com/larksuite/cli/shortcuts/common/sanitize.go:19.34,20.14 1 0
github.com/larksuite/cli/shortcuts/common/sanitize.go:22.2,22.14 1 0
github.com/larksuite/cli/shortcuts/common/testing.go:16.85,18.2 1 0
github.com/larksuite/cli/shortcuts/common/testing.go:22.113,24.2 1 0
github.com/larksuite/cli/shortcuts/common/types.go:44.64,45.18 1 12
github.com/larksuite/cli/shortcuts/common/types.go:46.14,47.28 1 5
github.com/larksuite/cli/shortcuts/common/types.go:47.28,49.4 1 2
github.com/larksuite/cli/shortcuts/common/types.go:50.13,51.27 1 4
github.com/larksuite/cli/shortcuts/common/types.go:51.27,53.4 1 2
github.com/larksuite/cli/shortcuts/common/types.go:55.2,55.17 1 8
github.com/larksuite/cli/shortcuts/common/validate.go:17.51,19.2 1 5
github.com/larksuite/cli/shortcuts/common/validate.go:22.67,24.26 2 6
github.com/larksuite/cli/shortcuts/common/validate.go:24.26,26.16 2 13
github.com/larksuite/cli/shortcuts/common/validate.go:26.16,28.4 1 8
github.com/larksuite/cli/shortcuts/common/validate.go:30.2,30.18 1 6
github.com/larksuite/cli/shortcuts/common/validate.go:30.18,32.3 1 3
github.com/larksuite/cli/shortcuts/common/validate.go:33.2,33.12 1 3
github.com/larksuite/cli/shortcuts/common/validate.go:37.60,38.26 1 6
github.com/larksuite/cli/shortcuts/common/validate.go:38.26,39.22 1 8
github.com/larksuite/cli/shortcuts/common/validate.go:39.22,41.4 1 4
github.com/larksuite/cli/shortcuts/common/validate.go:43.2,44.26 2 2
github.com/larksuite/cli/shortcuts/common/validate.go:44.26,46.3 1 4
github.com/larksuite/cli/shortcuts/common/validate.go:47.2,47.78 1 2
github.com/larksuite/cli/shortcuts/common/validate.go:51.60,52.49 1 3
github.com/larksuite/cli/shortcuts/common/validate.go:52.49,54.3 1 1
github.com/larksuite/cli/shortcuts/common/validate.go:55.2,55.40 1 2
github.com/larksuite/cli/shortcuts/common/validate.go:60.105,62.13 2 0
github.com/larksuite/cli/shortcuts/common/validate.go:62.13,64.3 1 0
github.com/larksuite/cli/shortcuts/common/validate.go:65.2,66.16 2 0
github.com/larksuite/cli/shortcuts/common/validate.go:66.16,68.3 1 0
github.com/larksuite/cli/shortcuts/common/validate.go:69.2,69.30 1 0
github.com/larksuite/cli/shortcuts/common/validate.go:69.30,71.3 1 0
github.com/larksuite/cli/shortcuts/common/validate.go:72.2,72.15 1 0
github.com/larksuite/cli/shortcuts/common/validate.go:76.73,78.13 2 5
github.com/larksuite/cli/shortcuts/common/validate.go:78.13,80.3 1 1
github.com/larksuite/cli/shortcuts/common/validate.go:81.2,81.13 1 4
github.com/larksuite/cli/shortcuts/common/validate.go:81.13,83.3 1 1
github.com/larksuite/cli/shortcuts/common/validate.go:84.2,84.10 1 3
github.com/larksuite/cli/shortcuts/common/validate.go:90.52,91.31 1 4
github.com/larksuite/cli/shortcuts/common/validate.go:91.31,93.3 1 0
github.com/larksuite/cli/shortcuts/common/validate.go:94.2,95.16 2 4
github.com/larksuite/cli/shortcuts/common/validate.go:95.16,97.3 1 0
github.com/larksuite/cli/shortcuts/common/validate.go:98.2,99.16 2 4
github.com/larksuite/cli/shortcuts/common/validate.go:99.16,101.3 1 0
github.com/larksuite/cli/shortcuts/common/validate.go:102.2,107.16 3 4
github.com/larksuite/cli/shortcuts/common/validate.go:107.16,108.26 1 2
github.com/larksuite/cli/shortcuts/common/validate.go:108.26,110.4 1 0
github.com/larksuite/cli/shortcuts/common/validate.go:113.3,113.48 1 2
github.com/larksuite/cli/shortcuts/common/validate.go:113.48,115.4 1 1
github.com/larksuite/cli/shortcuts/common/validate.go:117.3,117.21 1 1
github.com/larksuite/cli/shortcuts/common/validate.go:120.2,120.79 1 3
github.com/larksuite/cli/shortcuts/common/validate.go:120.79,122.3 1 1
github.com/larksuite/cli/shortcuts/common/validate.go:123.2,123.12 1 2
github.com/larksuite/cli/shortcuts/common/validate.go:128.58,129.26 1 0
github.com/larksuite/cli/shortcuts/common/validate.go:129.26,130.41 1 0
github.com/larksuite/cli/shortcuts/common/validate.go:130.41,132.4 1 0
github.com/larksuite/cli/shortcuts/common/validate.go:133.3,133.16 1 0
github.com/larksuite/cli/shortcuts/common/validate.go:133.16,135.4 1 0
github.com/larksuite/cli/shortcuts/common/validate.go:136.3,136.28 1 0
github.com/larksuite/cli/shortcuts/common/validate.go:136.28,138.4 1 0
github.com/larksuite/cli/shortcuts/common/validate.go:140.2,140.12 1 0
github.com/larksuite/cli/shortcuts/common/validate_ids.go:14.51,16.17 2 0
github.com/larksuite/cli/shortcuts/common/validate_ids.go:16.17,18.3 1 0
github.com/larksuite/cli/shortcuts/common/validate_ids.go:20.2,20.86 1 0
github.com/larksuite/cli/shortcuts/common/validate_ids.go:20.86,23.30 2 0
github.com/larksuite/cli/shortcuts/common/validate_ids.go:23.30,24.38 1 0
github.com/larksuite/cli/shortcuts/common/validate_ids.go:24.38,26.10 2 0
github.com/larksuite/cli/shortcuts/common/validate_ids.go:30.2,30.38 1 0
github.com/larksuite/cli/shortcuts/common/validate_ids.go:30.38,32.3 1 0
github.com/larksuite/cli/shortcuts/common/validate_ids.go:33.2,33.19 1 0
github.com/larksuite/cli/shortcuts/common/validate_ids.go:37.51,39.17 2 0
github.com/larksuite/cli/shortcuts/common/validate_ids.go:39.17,41.3 1 0
github.com/larksuite/cli/shortcuts/common/validate_ids.go:42.2,42.38 1 0
github.com/larksuite/cli/shortcuts/common/validate_ids.go:42.38,44.3 1 0
github.com/larksuite/cli/shortcuts/common/validate_ids.go:45.2,45.19 1 0
github.com/larksuite/cli/shortcuts/im/helpers.go:34.49,36.2 1 3
github.com/larksuite/cli/shortcuts/im/helpers.go:41.40,44.25 3 4
github.com/larksuite/cli/shortcuts/im/helpers.go:44.25,46.3 1 59
github.com/larksuite/cli/shortcuts/im/helpers.go:47.2,47.69 1 4
github.com/larksuite/cli/shortcuts/im/helpers.go:50.54,52.17 2 7
github.com/larksuite/cli/shortcuts/im/helpers.go:52.17,54.3 1 1
github.com/larksuite/cli/shortcuts/im/helpers.go:55.2,55.38 1 6
github.com/larksuite/cli/shortcuts/im/helpers.go:55.38,57.3 1 4
github.com/larksuite/cli/shortcuts/im/helpers.go:58.2,58.19 1 2
github.com/larksuite/cli/shortcuts/im/helpers.go:63.130,64.16 1 12
github.com/larksuite/cli/shortcuts/im/helpers.go:64.16,67.3 2 2
github.com/larksuite/cli/shortcuts/im/helpers.go:68.2,68.20 1 10
github.com/larksuite/cli/shortcuts/im/helpers.go:68.20,70.28 2 2
github.com/larksuite/cli/shortcuts/im/helpers.go:70.28,72.4 1 0
github.com/larksuite/cli/shortcuts/im/helpers.go:73.3,75.28 3 2
github.com/larksuite/cli/shortcuts/im/helpers.go:75.28,78.4 2 0
github.com/larksuite/cli/shortcuts/im/helpers.go:79.3,79.56 1 2
github.com/larksuite/cli/shortcuts/im/helpers.go:79.56,80.15 1 0
github.com/larksuite/cli/shortcuts/im/helpers.go:80.15,82.5 1 0
github.com/larksuite/cli/shortcuts/im/helpers.go:83.4,83.62 1 0
github.com/larksuite/cli/shortcuts/im/helpers.go:85.3,86.39 2 2
github.com/larksuite/cli/shortcuts/im/helpers.go:88.2,88.20 1 8
github.com/larksuite/cli/shortcuts/im/helpers.go:88.20,89.28 1 4
github.com/larksuite/cli/shortcuts/im/helpers.go:89.28,92.4 2 2
github.com/larksuite/cli/shortcuts/im/helpers.go:93.3,94.40 2 2
github.com/larksuite/cli/shortcuts/im/helpers.go:96.2,96.19 1 4
github.com/larksuite/cli/shortcuts/im/helpers.go:96.19,97.27 1 2
github.com/larksuite/cli/shortcuts/im/helpers.go:97.27,100.4 2 1
github.com/larksuite/cli/shortcuts/im/helpers.go:101.3,102.39 2 1
github.com/larksuite/cli/shortcuts/im/helpers.go:104.2,104.20 1 2
github.com/larksuite/cli/shortcuts/im/helpers.go:104.20,105.28 1 1
github.com/larksuite/cli/shortcuts/im/helpers.go:105.28,108.4 2 0
github.com/larksuite/cli/shortcuts/im/helpers.go:109.3,110.40 2 1
github.com/larksuite/cli/shortcuts/im/helpers.go:112.2,112.19 1 1
github.com/larksuite/cli/shortcuts/im/helpers.go:116.31,118.2 1 23
github.com/larksuite/cli/shortcuts/im/helpers.go:120.59,122.18 2 3
github.com/larksuite/cli/shortcuts/im/helpers.go:122.18,124.3 1 2
github.com/larksuite/cli/shortcuts/im/helpers.go:125.2,125.130 1 3
github.com/larksuite/cli/shortcuts/im/helpers.go:129.44,130.45 1 5
github.com/larksuite/cli/shortcuts/im/helpers.go:130.45,131.48 1 5
github.com/larksuite/cli/shortcuts/im/helpers.go:131.48,133.4 1 1
github.com/larksuite/cli/shortcuts/im/helpers.go:134.3,135.47 2 4
github.com/larksuite/cli/shortcuts/im/helpers.go:135.47,137.4 1 2
github.com/larksuite/cli/shortcuts/im/helpers.go:139.2,139.19 1 2
github.com/larksuite/cli/shortcuts/im/helpers.go:142.50,144.28 2 8
github.com/larksuite/cli/shortcuts/im/helpers.go:144.28,146.3 1 1
github.com/larksuite/cli/shortcuts/im/helpers.go:147.2,148.16 2 7
github.com/larksuite/cli/shortcuts/im/helpers.go:148.16,150.3 1 1
github.com/larksuite/cli/shortcuts/im/helpers.go:151.2,152.46 2 6
github.com/larksuite/cli/shortcuts/im/helpers.go:152.46,154.3 1 1
github.com/larksuite/cli/shortcuts/im/helpers.go:155.2,155.26 1 6
github.com/larksuite/cli/shortcuts/im/helpers.go:162.112,163.72 1 4
github.com/larksuite/cli/shortcuts/im/helpers.go:163.72,165.3 1 4
github.com/larksuite/cli/shortcuts/im/helpers.go:167.2,168.16 2 0
github.com/larksuite/cli/shortcuts/im/helpers.go:168.16,170.3 1 0
github.com/larksuite/cli/shortcuts/im/helpers.go:171.2,176.16 3 0
github.com/larksuite/cli/shortcuts/im/helpers.go:176.16,178.3 1 0
github.com/larksuite/cli/shortcuts/im/helpers.go:180.2,181.16 2 0
github.com/larksuite/cli/shortcuts/im/helpers.go:181.16,183.3 1 0
github.com/larksuite/cli/shortcuts/im/helpers.go:184.2,186.38 2 0
github.com/larksuite/cli/shortcuts/im/helpers.go:186.38,188.3 1 0
github.com/larksuite/cli/shortcuts/im/helpers.go:191.2,193.16 3 0
github.com/larksuite/cli/shortcuts/im/helpers.go:193.16,195.3 1 0
github.com/larksuite/cli/shortcuts/im/helpers.go:197.2,199.16 3 0
github.com/larksuite/cli/shortcuts/im/helpers.go:199.16,202.3 2 0
github.com/larksuite/cli/shortcuts/im/helpers.go:203.2,203.28 1 0
github.com/larksuite/cli/shortcuts/im/helpers.go:203.28,206.3 2 0
github.com/larksuite/cli/shortcuts/im/helpers.go:208.2,208.28 1 0
github.com/larksuite/cli/shortcuts/im/helpers.go:214.148,215.17 1 7
github.com/larksuite/cli/shortcuts/im/helpers.go:215.18,215.19 0 3
github.com/larksuite/cli/shortcuts/im/helpers.go:216.2,216.23 1 7
github.com/larksuite/cli/shortcuts/im/helpers.go:216.23,218.3 1 1
github.com/larksuite/cli/shortcuts/im/helpers.go:219.2,219.18 1 6
github.com/larksuite/cli/shortcuts/im/helpers.go:219.18,222.17 3 4
github.com/larksuite/cli/shortcuts/im/helpers.go:222.17,224.4 1 4
github.com/larksuite/cli/shortcuts/im/helpers.go:225.3,225.26 1 0
github.com/larksuite/cli/shortcuts/im/helpers.go:225.26,225.48 1 0
github.com/larksuite/cli/shortcuts/im/helpers.go:227.2,227.25 1 2
github.com/larksuite/cli/shortcuts/im/helpers.go:232.183,233.16 1 11
github.com/larksuite/cli/shortcuts/im/helpers.go:233.16,236.3 2 1
github.com/larksuite/cli/shortcuts/im/helpers.go:237.2,237.20 1 10
github.com/larksuite/cli/shortcuts/im/helpers.go:237.20,239.28 2 2
github.com/larksuite/cli/shortcuts/im/helpers.go:239.28,241.20 2 1
github.com/larksuite/cli/shortcuts/im/helpers.go:241.20,243.5 1 1
github.com/larksuite/cli/shortcuts/im/helpers.go:244.4,245.23 2 0
github.com/larksuite/cli/shortcuts/im/helpers.go:245.23,247.5 1 0
github.com/larksuite/cli/shortcuts/im/helpers.go:248.4,251.18 4 0
github.com/larksuite/cli/shortcuts/im/helpers.go:251.18,253.5 1 0
github.com/larksuite/cli/shortcuts/im/helpers.go:255.3,256.32 2 1
github.com/larksuite/cli/shortcuts/im/helpers.go:256.32,258.4 1 1
github.com/larksuite/cli/shortcuts/im/helpers.go:258.9,260.20 2 0
github.com/larksuite/cli/shortcuts/im/helpers.go:260.20,262.5 1 0
github.com/larksuite/cli/shortcuts/im/helpers.go:263.4,266.18 4 0
github.com/larksuite/cli/shortcuts/im/helpers.go:266.18,268.5 1 0
github.com/larksuite/cli/shortcuts/im/helpers.go:270.3,271.41 2 1
github.com/larksuite/cli/shortcuts/im/helpers.go:273.2,273.20 1 8
github.com/larksuite/cli/shortcuts/im/helpers.go:273.20,275.28 2 3
github.com/larksuite/cli/shortcuts/im/helpers.go:275.28,277.20 2 2
github.com/larksuite/cli/shortcuts/im/helpers.go:277.20,279.5 1 1
github.com/larksuite/cli/shortcuts/im/helpers.go:280.4,281.23 2 1
github.com/larksuite/cli/shortcuts/im/helpers.go:281.23,284.5 1 0
github.com/larksuite/cli/shortcuts/im/helpers.go:285.4,287.18 3 1
github.com/larksuite/cli/shortcuts/im/helpers.go:287.18,289.5 1 1
github.com/larksuite/cli/shortcuts/im/helpers.go:291.3,292.41 2 1
github.com/larksuite/cli/shortcuts/im/helpers.go:294.2,294.19 1 5
github.com/larksuite/cli/shortcuts/im/helpers.go:294.19,296.27 2 2
github.com/larksuite/cli/shortcuts/im/helpers.go:296.27,298.20 2 1
github.com/larksuite/cli/shortcuts/im/helpers.go:298.20,300.5 1 1
github.com/larksuite/cli/shortcuts/im/helpers.go:301.4,302.23 2 0
github.com/larksuite/cli/shortcuts/im/helpers.go:302.23,304.5 1 0
github.com/larksuite/cli/shortcuts/im/helpers.go:305.4,307.18 3 0
github.com/larksuite/cli/shortcuts/im/helpers.go:307.18,309.5 1 0
github.com/larksuite/cli/shortcuts/im/helpers.go:311.3,312.40 2 1
github.com/larksuite/cli/shortcuts/im/helpers.go:314.2,314.20 1 3
github.com/larksuite/cli/shortcuts/im/helpers.go:314.20,316.28 2 2
github.com/larksuite/cli/shortcuts/im/helpers.go:316.28,318.20 2 1
github.com/larksuite/cli/shortcuts/im/helpers.go:318.20,320.5 1 1
github.com/larksuite/cli/shortcuts/im/helpers.go:321.4,322.23 2 0
github.com/larksuite/cli/shortcuts/im/helpers.go:322.23,324.5 1 0
github.com/larksuite/cli/shortcuts/im/helpers.go:325.4,328.18 4 0
github.com/larksuite/cli/shortcuts/im/helpers.go:328.18,330.5 1 0
github.com/larksuite/cli/shortcuts/im/helpers.go:332.3,333.41 2 1
github.com/larksuite/cli/shortcuts/im/helpers.go:335.2,335.20 1 1
github.com/larksuite/cli/shortcuts/im/helpers.go:340.101,341.26 1 7
github.com/larksuite/cli/shortcuts/im/helpers.go:341.26,346.3 3 5
github.com/larksuite/cli/shortcuts/im/helpers.go:347.2,347.73 1 2
github.com/larksuite/cli/shortcuts/im/helpers.go:351.86,360.16 2 3
github.com/larksuite/cli/shortcuts/im/helpers.go:360.16,362.3 1 0
github.com/larksuite/cli/shortcuts/im/helpers.go:363.2,364.65 2 3
github.com/larksuite/cli/shortcuts/im/helpers.go:364.65,366.3 1 0
github.com/larksuite/cli/shortcuts/im/helpers.go:367.2,370.29 3 3
github.com/larksuite/cli/shortcuts/im/helpers.go:370.29,373.19 3 2
github.com/larksuite/cli/shortcuts/im/helpers.go:373.19,375.4 1 2
github.com/larksuite/cli/shortcuts/im/helpers.go:378.2,378.91 1 1
github.com/larksuite/cli/shortcuts/im/helpers.go:382.81,383.32 1 4
github.com/larksuite/cli/shortcuts/im/helpers.go:383.32,385.3 1 1
github.com/larksuite/cli/shortcuts/im/helpers.go:386.2,386.34 1 3
github.com/larksuite/cli/shortcuts/im/helpers.go:386.34,388.3 1 1
github.com/larksuite/cli/shortcuts/im/helpers.go:390.2,394.16 2 2
github.com/larksuite/cli/shortcuts/im/helpers.go:394.16,396.3 1 0
github.com/larksuite/cli/shortcuts/im/helpers.go:397.2,398.65 2 2
github.com/larksuite/cli/shortcuts/im/helpers.go:398.65,400.3 1 0
github.com/larksuite/cli/shortcuts/im/helpers.go:401.2,404.29 3 2
github.com/larksuite/cli/shortcuts/im/helpers.go:404.29,407.21 3 2
github.com/larksuite/cli/shortcuts/im/helpers.go:407.21,409.4 1 1
github.com/larksuite/cli/shortcuts/im/helpers.go:412.2,412.95 1 1
github.com/larksuite/cli/shortcuts/im/helpers.go:419.46,421.38 2 5
github.com/larksuite/cli/shortcuts/im/helpers.go:421.38,422.81 1 71
github.com/larksuite/cli/shortcuts/im/helpers.go:422.81,424.9 2 2
github.com/larksuite/cli/shortcuts/im/helpers.go:427.2,427.16 1 5
github.com/larksuite/cli/shortcuts/im/helpers.go:427.16,429.3 1 3
github.com/larksuite/cli/shortcuts/im/helpers.go:430.2,431.33 2 2
github.com/larksuite/cli/shortcuts/im/helpers.go:431.33,433.3 1 0
github.com/larksuite/cli/shortcuts/im/helpers.go:434.2,437.18 4 2
github.com/larksuite/cli/shortcuts/im/helpers.go:437.18,439.3 1 0
github.com/larksuite/cli/shortcuts/im/helpers.go:440.2,440.58 1 2
github.com/larksuite/cli/shortcuts/im/helpers.go:446.42,448.19 2 4
github.com/larksuite/cli/shortcuts/im/helpers.go:448.19,450.3 1 2
github.com/larksuite/cli/shortcuts/im/helpers.go:451.2,452.19 2 2
github.com/larksuite/cli/shortcuts/im/helpers.go:452.19,454.3 1 0
github.com/larksuite/cli/shortcuts/im/helpers.go:455.2,455.50 1 2
github.com/larksuite/cli/shortcuts/im/helpers.go:460.42,461.19 1 3
github.com/larksuite/cli/shortcuts/im/helpers.go:461.19,463.3 1 0
github.com/larksuite/cli/shortcuts/im/helpers.go:464.2,466.18 3 3
github.com/larksuite/cli/shortcuts/im/helpers.go:466.18,467.21 1 2
github.com/larksuite/cli/shortcuts/im/helpers.go:467.21,469.4 1 0
github.com/larksuite/cli/shortcuts/im/helpers.go:470.3,471.56 2 2
github.com/larksuite/cli/shortcuts/im/helpers.go:472.8,473.21 1 1
github.com/larksuite/cli/shortcuts/im/helpers.go:473.21,475.4 1 0
github.com/larksuite/cli/shortcuts/im/helpers.go:476.3,477.48 2 1
github.com/larksuite/cli/shortcuts/im/helpers.go:479.2,479.37 1 3
github.com/larksuite/cli/shortcuts/im/helpers.go:479.37,481.3 1 0
github.com/larksuite/cli/shortcuts/im/helpers.go:482.2,482.73 1 3
github.com/larksuite/cli/shortcuts/im/helpers.go:487.73,489.22 2 7
github.com/larksuite/cli/shortcuts/im/helpers.go:489.22,493.10 4 5
github.com/larksuite/cli/shortcuts/im/helpers.go:494.18,496.26 2 0
github.com/larksuite/cli/shortcuts/im/helpers.go:497.18,498.23 1 0
github.com/larksuite/cli/shortcuts/im/helpers.go:498.23,500.5 1 0
github.com/larksuite/cli/shortcuts/im/helpers.go:501.4,502.27 2 0
github.com/larksuite/cli/shortcuts/im/helpers.go:503.11,504.16 1 5
github.com/larksuite/cli/shortcuts/im/helpers.go:504.16,506.5 1 0
github.com/larksuite/cli/shortcuts/im/helpers.go:507.4,508.26 2 5
github.com/larksuite/cli/shortcuts/im/helpers.go:510.3,510.21 1 5
github.com/larksuite/cli/shortcuts/im/helpers.go:510.21,511.20 1 5
github.com/larksuite/cli/shortcuts/im/helpers.go:511.20,513.5 1 0
github.com/larksuite/cli/shortcuts/im/helpers.go:514.4,514.28 1 5
github.com/larksuite/cli/shortcuts/im/helpers.go:516.3,516.18 1 0
github.com/larksuite/cli/shortcuts/im/helpers.go:518.2,518.15 1 2
github.com/larksuite/cli/shortcuts/im/helpers.go:525.59,526.45 1 4
github.com/larksuite/cli/shortcuts/im/helpers.go:526.45,528.3 1 1
github.com/larksuite/cli/shortcuts/im/helpers.go:529.2,530.16 2 3
github.com/larksuite/cli/shortcuts/im/helpers.go:530.16,532.3 1 1
github.com/larksuite/cli/shortcuts/im/helpers.go:533.2,536.36 3 2
github.com/larksuite/cli/shortcuts/im/helpers.go:536.36,538.3 1 0
github.com/larksuite/cli/shortcuts/im/helpers.go:540.2,541.24 2 2
github.com/larksuite/cli/shortcuts/im/helpers.go:541.24,543.3 1 1
github.com/larksuite/cli/shortcuts/im/helpers.go:543.8,545.3 1 1
github.com/larksuite/cli/shortcuts/im/helpers.go:546.2,546.13 1 2
github.com/larksuite/cli/shortcuts/im/helpers.go:546.13,548.3 1 0
github.com/larksuite/cli/shortcuts/im/helpers.go:549.2,549.34 1 2
github.com/larksuite/cli/shortcuts/im/helpers.go:553.56,556.24 3 2
github.com/larksuite/cli/shortcuts/im/helpers.go:556.24,558.3 1 0
github.com/larksuite/cli/shortcuts/im/helpers.go:559.2,560.60 2 2
github.com/larksuite/cli/shortcuts/im/helpers.go:560.60,562.3 1 0
github.com/larksuite/cli/shortcuts/im/helpers.go:563.2,563.34 1 2
github.com/larksuite/cli/shortcuts/im/helpers.go:568.56,571.27 3 2
github.com/larksuite/cli/shortcuts/im/helpers.go:571.27,572.54 1 2
github.com/larksuite/cli/shortcuts/im/helpers.go:572.54,574.4 1 0
github.com/larksuite/cli/shortcuts/im/helpers.go:575.3,579.10 4 2
github.com/larksuite/cli/shortcuts/im/helpers.go:580.18,582.26 2 0
github.com/larksuite/cli/shortcuts/im/helpers.go:583.18,584.59 1 0
github.com/larksuite/cli/shortcuts/im/helpers.go:584.59,586.5 1 0
github.com/larksuite/cli/shortcuts/im/helpers.go:587.4,588.27 2 0
github.com/larksuite/cli/shortcuts/im/helpers.go:589.17,590.12 1 0
github.com/larksuite/cli/shortcuts/im/helpers.go:591.11,593.26 2 2
github.com/larksuite/cli/shortcuts/im/helpers.go:596.3,596.20 1 2
github.com/larksuite/cli/shortcuts/im/helpers.go:596.20,598.40 2 1
github.com/larksuite/cli/shortcuts/im/helpers.go:598.40,600.5 1 0
github.com/larksuite/cli/shortcuts/im/helpers.go:601.4,602.55 2 1
github.com/larksuite/cli/shortcuts/im/helpers.go:602.55,604.5 1 0
github.com/larksuite/cli/shortcuts/im/helpers.go:605.4,606.21 2 1
github.com/larksuite/cli/shortcuts/im/helpers.go:606.21,608.5 1 0
github.com/larksuite/cli/shortcuts/im/helpers.go:609.4,609.52 1 1
github.com/larksuite/cli/shortcuts/im/helpers.go:611.3,611.18 1 1
github.com/larksuite/cli/shortcuts/im/helpers.go:613.2,613.10 1 1
github.com/larksuite/cli/shortcuts/im/helpers.go:638.48,641.68 3 12
github.com/larksuite/cli/shortcuts/im/helpers.go:641.68,645.3 3 1
github.com/larksuite/cli/shortcuts/im/helpers.go:648.2,648.35 1 12
github.com/larksuite/cli/shortcuts/im/helpers.go:648.35,651.3 2 4
github.com/larksuite/cli/shortcuts/im/helpers.go:653.2,658.35 4 12
github.com/larksuite/cli/shortcuts/im/helpers.go:658.35,660.3 1 1
github.com/larksuite/cli/shortcuts/im/helpers.go:662.2,664.31 2 12
github.com/larksuite/cli/shortcuts/im/helpers.go:664.31,665.66 1 3
github.com/larksuite/cli/shortcuts/im/helpers.go:665.66,669.78 3 4
github.com/larksuite/cli/shortcuts/im/helpers.go:669.78,671.5 1 3
github.com/larksuite/cli/shortcuts/im/helpers.go:672.4,672.13 1 1
github.com/larksuite/cli/shortcuts/im/helpers.go:676.2,676.10 1 12
github.com/larksuite/cli/shortcuts/im/helpers.go:681.49,685.2 3 3
github.com/larksuite/cli/shortcuts/im/helpers.go:691.74,693.84 2 2
github.com/larksuite/cli/shortcuts/im/helpers.go:693.84,699.41 6 2
github.com/larksuite/cli/shortcuts/im/helpers.go:699.41,701.4 1 2
github.com/larksuite/cli/shortcuts/im/helpers.go:702.3,702.19 1 2
github.com/larksuite/cli/shortcuts/im/helpers.go:702.19,704.4 1 0
github.com/larksuite/cli/shortcuts/im/helpers.go:705.3,705.62 1 2
github.com/larksuite/cli/shortcuts/im/helpers.go:708.2,709.20 2 2
github.com/larksuite/cli/shortcuts/im/helpers.go:709.20,711.3 1 2
github.com/larksuite/cli/shortcuts/im/helpers.go:712.2,712.44 1 2
github.com/larksuite/cli/shortcuts/im/helpers.go:717.105,722.2 4 1
github.com/larksuite/cli/shortcuts/im/helpers.go:726.108,727.39 1 2
github.com/larksuite/cli/shortcuts/im/helpers.go:727.39,729.3 1 2
github.com/larksuite/cli/shortcuts/im/helpers.go:730.2,730.78 1 0
github.com/larksuite/cli/shortcuts/im/helpers.go:730.78,732.19 2 0
github.com/larksuite/cli/shortcuts/im/helpers.go:732.19,734.4 1 0
github.com/larksuite/cli/shortcuts/im/helpers.go:735.3,738.17 3 0
github.com/larksuite/cli/shortcuts/im/helpers.go:738.17,741.4 2 0
github.com/larksuite/cli/shortcuts/im/helpers.go:742.3,746.17 4 0
github.com/larksuite/cli/shortcuts/im/helpers.go:746.17,749.4 2 0
github.com/larksuite/cli/shortcuts/im/helpers.go:752.3,755.41 4 0
github.com/larksuite/cli/shortcuts/im/helpers.go:755.41,757.4 1 0
github.com/larksuite/cli/shortcuts/im/helpers.go:758.3,758.47 1 0
github.com/larksuite/cli/shortcuts/im/helpers.go:764.120,766.20 2 16
github.com/larksuite/cli/shortcuts/im/helpers.go:766.20,768.3 1 5
github.com/larksuite/cli/shortcuts/im/helpers.go:769.2,769.19 1 16
github.com/larksuite/cli/shortcuts/im/helpers.go:769.19,771.3 1 1
github.com/larksuite/cli/shortcuts/im/helpers.go:772.2,772.20 1 16
github.com/larksuite/cli/shortcuts/im/helpers.go:772.20,774.3 1 4
github.com/larksuite/cli/shortcuts/im/helpers.go:775.2,775.20 1 16
github.com/larksuite/cli/shortcuts/im/helpers.go:775.20,777.3 1 0
github.com/larksuite/cli/shortcuts/im/helpers.go:778.2,778.20 1 16
github.com/larksuite/cli/shortcuts/im/helpers.go:778.20,780.3 1 1
github.com/larksuite/cli/shortcuts/im/helpers.go:781.2,781.43 1 15
github.com/larksuite/cli/shortcuts/im/helpers.go:781.43,783.3 1 2
github.com/larksuite/cli/shortcuts/im/helpers.go:784.2,784.43 1 13
github.com/larksuite/cli/shortcuts/im/helpers.go:784.43,786.3 1 2
github.com/larksuite/cli/shortcuts/im/helpers.go:788.2,789.16 2 11
github.com/larksuite/cli/shortcuts/im/helpers.go:789.16,791.3 1 5
github.com/larksuite/cli/shortcuts/im/helpers.go:792.2,792.20 1 11
github.com/larksuite/cli/shortcuts/im/helpers.go:792.20,794.3 1 1
github.com/larksuite/cli/shortcuts/im/helpers.go:795.2,795.19 1 11
github.com/larksuite/cli/shortcuts/im/helpers.go:795.19,797.3 1 1
github.com/larksuite/cli/shortcuts/im/helpers.go:798.2,798.22 1 11
github.com/larksuite/cli/shortcuts/im/helpers.go:798.22,800.3 1 1
github.com/larksuite/cli/shortcuts/im/helpers.go:801.2,801.40 1 10
github.com/larksuite/cli/shortcuts/im/helpers.go:801.40,803.3 1 2
github.com/larksuite/cli/shortcuts/im/helpers.go:804.2,804.42 1 8
github.com/larksuite/cli/shortcuts/im/helpers.go:804.42,806.3 1 1
github.com/larksuite/cli/shortcuts/im/helpers.go:807.2,807.11 1 7
github.com/larksuite/cli/shortcuts/im/helpers.go:810.128,811.52 1 7
github.com/larksuite/cli/shortcuts/im/helpers.go:811.52,813.3 1 4
github.com/larksuite/cli/shortcuts/im/helpers.go:815.2,816.9 2 3
github.com/larksuite/cli/shortcuts/im/helpers.go:817.18,818.20 1 1
github.com/larksuite/cli/shortcuts/im/helpers.go:819.22,820.20 1 1
github.com/larksuite/cli/shortcuts/im/helpers.go:821.22,822.21 1 1
github.com/larksuite/cli/shortcuts/im/helpers.go:823.21,824.20 1 0
github.com/larksuite/cli/shortcuts/im/helpers.go:825.22,826.21 1 0
github.com/larksuite/cli/shortcuts/im/helpers.go:827.22,828.21 1 0
github.com/larksuite/cli/shortcuts/im/helpers.go:830.2,830.43 1 3
github.com/larksuite/cli/shortcuts/im/helpers.go:830.43,832.3 1 1
github.com/larksuite/cli/shortcuts/im/helpers.go:833.2,833.131 1 2
github.com/larksuite/cli/shortcuts/im/helpers.go:836.47,838.13 2 8
github.com/larksuite/cli/shortcuts/im/helpers.go:839.23,840.16 1 2
github.com/larksuite/cli/shortcuts/im/helpers.go:841.47,842.15 1 1
github.com/larksuite/cli/shortcuts/im/helpers.go:843.14,844.15 1 1
github.com/larksuite/cli/shortcuts/im/helpers.go:845.23,846.15 1 1
github.com/larksuite/cli/shortcuts/im/helpers.go:847.31,848.15 1 1
github.com/larksuite/cli/shortcuts/im/helpers.go:849.23,850.15 1 1
github.com/larksuite/cli/shortcuts/im/helpers.go:851.10,852.18 1 1
github.com/larksuite/cli/shortcuts/im/helpers.go:859.119,861.16 2 3
github.com/larksuite/cli/shortcuts/im/helpers.go:861.16,863.3 1 1
github.com/larksuite/cli/shortcuts/im/helpers.go:865.2,865.84 1 2
github.com/larksuite/cli/shortcuts/im/helpers.go:865.84,867.3 1 1
github.com/larksuite/cli/shortcuts/im/helpers.go:869.2,870.16 2 1
github.com/larksuite/cli/shortcuts/im/helpers.go:870.16,872.3 1 0
github.com/larksuite/cli/shortcuts/im/helpers.go:873.2,884.16 6 1
github.com/larksuite/cli/shortcuts/im/helpers.go:884.16,886.3 1 0
github.com/larksuite/cli/shortcuts/im/helpers.go:888.2,889.65 2 1
github.com/larksuite/cli/shortcuts/im/helpers.go:889.65,891.3 1 0
github.com/larksuite/cli/shortcuts/im/helpers.go:893.2,895.20 3 1
github.com/larksuite/cli/shortcuts/im/helpers.go:895.20,897.3 1 0
github.com/larksuite/cli/shortcuts/im/helpers.go:898.2,898.22 1 1
github.com/larksuite/cli/shortcuts/im/helpers.go:901.127,903.16 2 2
github.com/larksuite/cli/shortcuts/im/helpers.go:903.16,905.3 1 0
github.com/larksuite/cli/shortcuts/im/helpers.go:907.2,907.83 1 2
github.com/larksuite/cli/shortcuts/im/helpers.go:907.83,909.3 1 1
github.com/larksuite/cli/shortcuts/im/helpers.go:911.2,912.16 2 1
github.com/larksuite/cli/shortcuts/im/helpers.go:912.16,914.3 1 0
github.com/larksuite/cli/shortcuts/im/helpers.go:915.2,920.20 5 1
github.com/larksuite/cli/shortcuts/im/helpers.go:920.20,922.3 1 1
github.com/larksuite/cli/shortcuts/im/helpers.go:923.2,930.16 3 1
github.com/larksuite/cli/shortcuts/im/helpers.go:930.16,932.3 1 0
github.com/larksuite/cli/shortcuts/im/helpers.go:934.2,935.65 2 1
github.com/larksuite/cli/shortcuts/im/helpers.go:935.65,937.3 1 0
github.com/larksuite/cli/shortcuts/im/helpers.go:939.2,941.19 3 1
github.com/larksuite/cli/shortcuts/im/helpers.go:941.19,943.3 1 0
github.com/larksuite/cli/shortcuts/im/helpers.go:944.2,944.21 1 1
github.com/larksuite/cli/shortcuts/im/im_chat_create.go:36.86,39.38 3 1
github.com/larksuite/cli/shortcuts/im/im_chat_create.go:39.38,41.4 1 1
github.com/larksuite/cli/shortcuts/im/im_chat_create.go:42.3,45.14 1 1
github.com/larksuite/cli/shortcuts/im/im_chat_create.go:47.76,52.52 3 6
github.com/larksuite/cli/shortcuts/im/im_chat_create.go:52.52,54.4 1 0
github.com/larksuite/cli/shortcuts/im/im_chat_create.go:56.3,56.29 1 6
github.com/larksuite/cli/shortcuts/im/im_chat_create.go:56.29,58.4 1 1
github.com/larksuite/cli/shortcuts/im/im_chat_create.go:60.3,60.66 1 5
github.com/larksuite/cli/shortcuts/im/im_chat_create.go:60.66,62.4 1 1
github.com/larksuite/cli/shortcuts/im/im_chat_create.go:65.3,65.49 1 4
github.com/larksuite/cli/shortcuts/im/im_chat_create.go:65.49,67.21 2 2
github.com/larksuite/cli/shortcuts/im/im_chat_create.go:67.21,69.5 1 0
github.com/larksuite/cli/shortcuts/im/im_chat_create.go:70.4,70.27 1 2
github.com/larksuite/cli/shortcuts/im/im_chat_create.go:70.27,71.56 1 4
github.com/larksuite/cli/shortcuts/im/im_chat_create.go:71.56,73.6 1 1
github.com/larksuite/cli/shortcuts/im/im_chat_create.go:78.3,78.46 1 3
github.com/larksuite/cli/shortcuts/im/im_chat_create.go:78.46,80.20 2 2
github.com/larksuite/cli/shortcuts/im/im_chat_create.go:80.20,82.5 1 1
github.com/larksuite/cli/shortcuts/im/im_chat_create.go:83.4,83.27 1 1
github.com/larksuite/cli/shortcuts/im/im_chat_create.go:83.27,84.39 1 1
github.com/larksuite/cli/shortcuts/im/im_chat_create.go:84.39,86.6 1 0
github.com/larksuite/cli/shortcuts/im/im_chat_create.go:91.3,91.49 1 2
github.com/larksuite/cli/shortcuts/im/im_chat_create.go:91.49,92.58 1 2
github.com/larksuite/cli/shortcuts/im/im_chat_create.go:92.58,94.5 1 1
github.com/larksuite/cli/shortcuts/im/im_chat_create.go:96.3,96.13 1 1
github.com/larksuite/cli/shortcuts/im/im_chat_create.go:98.75,102.38 3 0
github.com/larksuite/cli/shortcuts/im/im_chat_create.go:102.38,104.4 1 0
github.com/larksuite/cli/shortcuts/im/im_chat_create.go:105.3,106.17 2 0
github.com/larksuite/cli/shortcuts/im/im_chat_create.go:106.17,108.4 1 0
github.com/larksuite/cli/shortcuts/im/im_chat_create.go:110.3,119.68 2 0
github.com/larksuite/cli/shortcuts/im/im_chat_create.go:119.68,123.18 2 0
github.com/larksuite/cli/shortcuts/im/im_chat_create.go:123.18,125.5 1 0
github.com/larksuite/cli/shortcuts/im/im_chat_create.go:128.3,128.53 1 0
github.com/larksuite/cli/shortcuts/im/im_chat_create.go:128.53,131.68 3 0
github.com/larksuite/cli/shortcuts/im/im_chat_create.go:131.68,133.5 1 0
github.com/larksuite/cli/shortcuts/im/im_chat_create.go:135.3,135.13 1 0
github.com/larksuite/cli/shortcuts/im/im_chat_create.go:139.81,143.45 2 2
github.com/larksuite/cli/shortcuts/im/im_chat_create.go:143.45,145.3 1 2
github.com/larksuite/cli/shortcuts/im/im_chat_create.go:146.2,146.52 1 2
github.com/larksuite/cli/shortcuts/im/im_chat_create.go:146.52,148.3 1 1
github.com/larksuite/cli/shortcuts/im/im_chat_create.go:149.2,149.48 1 2
github.com/larksuite/cli/shortcuts/im/im_chat_create.go:149.48,151.3 1 2
github.com/larksuite/cli/shortcuts/im/im_chat_create.go:152.2,152.45 1 2
github.com/larksuite/cli/shortcuts/im/im_chat_create.go:152.45,154.3 1 1
github.com/larksuite/cli/shortcuts/im/im_chat_create.go:155.2,155.48 1 2
github.com/larksuite/cli/shortcuts/im/im_chat_create.go:155.48,157.3 1 2
github.com/larksuite/cli/shortcuts/im/im_chat_create.go:158.2,158.13 1 2
github.com/larksuite/cli/shortcuts/im/im_chat_messages_list.go:38.86,41.17 3 1
github.com/larksuite/cli/shortcuts/im/im_chat_messages_list.go:41.17,43.4 1 0
github.com/larksuite/cli/shortcuts/im/im_chat_messages_list.go:44.3,44.35 1 1
github.com/larksuite/cli/shortcuts/im/im_chat_messages_list.go:44.35,46.4 1 1
github.com/larksuite/cli/shortcuts/im/im_chat_messages_list.go:47.3,48.17 2 1
github.com/larksuite/cli/shortcuts/im/im_chat_messages_list.go:48.17,50.4 1 0
github.com/larksuite/cli/shortcuts/im/im_chat_messages_list.go:51.3,52.29 2 1
github.com/larksuite/cli/shortcuts/im/im_chat_messages_list.go:52.29,53.19 1 5
github.com/larksuite/cli/shortcuts/im/im_chat_messages_list.go:53.19,55.5 1 5
github.com/larksuite/cli/shortcuts/im/im_chat_messages_list.go:57.3,57.62 1 1
github.com/larksuite/cli/shortcuts/im/im_chat_messages_list.go:59.76,60.74 1 2
github.com/larksuite/cli/shortcuts/im/im_chat_messages_list.go:60.74,61.68 1 1
github.com/larksuite/cli/shortcuts/im/im_chat_messages_list.go:61.68,63.5 1 1
github.com/larksuite/cli/shortcuts/im/im_chat_messages_list.go:64.4,64.14 1 0
github.com/larksuite/cli/shortcuts/im/im_chat_messages_list.go:68.3,68.57 1 1
github.com/larksuite/cli/shortcuts/im/im_chat_messages_list.go:68.57,69.61 1 0
github.com/larksuite/cli/shortcuts/im/im_chat_messages_list.go:69.61,71.5 1 0
github.com/larksuite/cli/shortcuts/im/im_chat_messages_list.go:73.3,73.57 1 1
github.com/larksuite/cli/shortcuts/im/im_chat_messages_list.go:73.57,74.61 1 1
github.com/larksuite/cli/shortcuts/im/im_chat_messages_list.go:74.61,76.5 1 0
github.com/larksuite/cli/shortcuts/im/im_chat_messages_list.go:79.3,80.19 2 1
github.com/larksuite/cli/shortcuts/im/im_chat_messages_list.go:80.19,82.4 1 1
github.com/larksuite/cli/shortcuts/im/im_chat_messages_list.go:83.3,84.13 2 1
github.com/larksuite/cli/shortcuts/im/im_chat_messages_list.go:86.75,88.17 2 0
github.com/larksuite/cli/shortcuts/im/im_chat_messages_list.go:88.17,90.4 1 0
github.com/larksuite/cli/shortcuts/im/im_chat_messages_list.go:91.3,92.17 2 0
github.com/larksuite/cli/shortcuts/im/im_chat_messages_list.go:92.17,94.4 1 0
github.com/larksuite/cli/shortcuts/im/im_chat_messages_list.go:96.3,97.17 2 0
github.com/larksuite/cli/shortcuts/im/im_chat_messages_list.go:97.17,99.4 1 0
github.com/larksuite/cli/shortcuts/im/im_chat_messages_list.go:100.3,105.33 5 0
github.com/larksuite/cli/shortcuts/im/im_chat_messages_list.go:105.33,108.4 2 0
github.com/larksuite/cli/shortcuts/im/im_chat_messages_list.go:111.3,121.53 5 0
github.com/larksuite/cli/shortcuts/im/im_chat_messages_list.go:121.53,122.26 1 0
github.com/larksuite/cli/shortcuts/im/im_chat_messages_list.go:122.26,125.5 2 0
github.com/larksuite/cli/shortcuts/im/im_chat_messages_list.go:126.4,127.33 2 0
github.com/larksuite/cli/shortcuts/im/im_chat_messages_list.go:127.33,132.65 2 0
github.com/larksuite/cli/shortcuts/im/im_chat_messages_list.go:132.65,133.56 1 0
github.com/larksuite/cli/shortcuts/im/im_chat_messages_list.go:133.56,135.7 1 0
github.com/larksuite/cli/shortcuts/im/im_chat_messages_list.go:137.5,137.61 1 0
github.com/larksuite/cli/shortcuts/im/im_chat_messages_list.go:137.61,139.6 1 0
github.com/larksuite/cli/shortcuts/im/im_chat_messages_list.go:140.5,140.29 1 0
github.com/larksuite/cli/shortcuts/im/im_chat_messages_list.go:142.4,144.15 3 0
github.com/larksuite/cli/shortcuts/im/im_chat_messages_list.go:144.15,146.5 1 0
github.com/larksuite/cli/shortcuts/im/im_chat_messages_list.go:147.4,147.119 1 0
github.com/larksuite/cli/shortcuts/im/im_chat_messages_list.go:149.3,149.13 1 0
github.com/larksuite/cli/shortcuts/im/im_chat_messages_list.go:155.92,157.23 2 5
github.com/larksuite/cli/shortcuts/im/im_chat_messages_list.go:157.23,159.3 1 2
github.com/larksuite/cli/shortcuts/im/im_chat_messages_list.go:160.2,161.53 2 5
github.com/larksuite/cli/shortcuts/im/im_chat_messages_list.go:161.53,163.3 1 2
github.com/larksuite/cli/shortcuts/im/im_chat_messages_list.go:164.2,170.3 1 5
github.com/larksuite/cli/shortcuts/im/im_chat_messages_list.go:173.111,176.56 2 5
github.com/larksuite/cli/shortcuts/im/im_chat_messages_list.go:176.56,178.17 2 2
github.com/larksuite/cli/shortcuts/im/im_chat_messages_list.go:178.17,180.4 1 1
github.com/larksuite/cli/shortcuts/im/im_chat_messages_list.go:181.3,181.45 1 1
github.com/larksuite/cli/shortcuts/im/im_chat_messages_list.go:183.2,183.50 1 4
github.com/larksuite/cli/shortcuts/im/im_chat_messages_list.go:183.50,185.17 2 2
github.com/larksuite/cli/shortcuts/im/im_chat_messages_list.go:185.17,187.4 1 1
github.com/larksuite/cli/shortcuts/im/im_chat_messages_list.go:188.3,188.41 1 1
github.com/larksuite/cli/shortcuts/im/im_chat_messages_list.go:190.2,190.61 1 3
github.com/larksuite/cli/shortcuts/im/im_chat_messages_list.go:190.61,192.3 1 1
github.com/larksuite/cli/shortcuts/im/im_chat_messages_list.go:193.2,193.20 1 3
github.com/larksuite/cli/shortcuts/im/im_chat_messages_list.go:196.96,199.20 3 4
github.com/larksuite/cli/shortcuts/im/im_chat_messages_list.go:199.20,201.3 1 1
github.com/larksuite/cli/shortcuts/im/im_chat_messages_list.go:202.2,202.12 1 3
github.com/larksuite/cli/shortcuts/im/im_chat_messages_list.go:202.12,204.3 1 2
github.com/larksuite/cli/shortcuts/im/im_chat_messages_list.go:205.2,206.16 2 1
github.com/larksuite/cli/shortcuts/im/im_chat_messages_list.go:206.16,208.3 1 0
github.com/larksuite/cli/shortcuts/im/im_chat_messages_list.go:209.2,209.18 1 1
github.com/larksuite/cli/shortcuts/im/im_chat_messages_list.go:209.18,211.3 1 0
github.com/larksuite/cli/shortcuts/im/im_chat_messages_list.go:212.2,212.20 1 1
github.com/larksuite/cli/shortcuts/im/im_chat_search.go:36.86,43.3 3 1
github.com/larksuite/cli/shortcuts/im/im_chat_search.go:44.76,47.37 3 2
github.com/larksuite/cli/shortcuts/im/im_chat_search.go:47.37,49.4 1 0
github.com/larksuite/cli/shortcuts/im/im_chat_search.go:50.3,50.45 1 2
github.com/larksuite/cli/shortcuts/im/im_chat_search.go:50.45,52.4 1 1
github.com/larksuite/cli/shortcuts/im/im_chat_search.go:53.3,53.50 1 1
github.com/larksuite/cli/shortcuts/im/im_chat_search.go:53.50,60.45 2 0
github.com/larksuite/cli/shortcuts/im/im_chat_search.go:60.45,61.36 1 0
github.com/larksuite/cli/shortcuts/im/im_chat_search.go:61.36,63.6 1 0
github.com/larksuite/cli/shortcuts/im/im_chat_search.go:66.3,66.48 1 1
github.com/larksuite/cli/shortcuts/im/im_chat_search.go:66.48,68.21 2 0
github.com/larksuite/cli/shortcuts/im/im_chat_search.go:68.21,70.5 1 0
github.com/larksuite/cli/shortcuts/im/im_chat_search.go:71.4,71.27 1 0
github.com/larksuite/cli/shortcuts/im/im_chat_search.go:71.27,72.56 1 0
github.com/larksuite/cli/shortcuts/im/im_chat_search.go:72.56,74.6 1 0
github.com/larksuite/cli/shortcuts/im/im_chat_search.go:77.3,77.54 1 1
github.com/larksuite/cli/shortcuts/im/im_chat_search.go:77.54,79.4 1 1
github.com/larksuite/cli/shortcuts/im/im_chat_search.go:80.3,80.13 1 0
github.com/larksuite/cli/shortcuts/im/im_chat_search.go:82.75,86.17 4 0
github.com/larksuite/cli/shortcuts/im/im_chat_search.go:86.17,88.4 1 0
github.com/larksuite/cli/shortcuts/im/im_chat_search.go:90.3,97.32 6 0
github.com/larksuite/cli/shortcuts/im/im_chat_search.go:97.32,99.19 2 0
github.com/larksuite/cli/shortcuts/im/im_chat_search.go:99.19,100.13 1 0
github.com/larksuite/cli/shortcuts/im/im_chat_search.go:102.4,103.19 2 0
github.com/larksuite/cli/shortcuts/im/im_chat_search.go:103.19,104.13 1 0
github.com/larksuite/cli/shortcuts/im/im_chat_search.go:106.4,106.31 1 0
github.com/larksuite/cli/shortcuts/im/im_chat_search.go:109.3,116.53 2 0
github.com/larksuite/cli/shortcuts/im/im_chat_search.go:116.53,117.23 1 0
github.com/larksuite/cli/shortcuts/im/im_chat_search.go:117.23,120.5 2 0
github.com/larksuite/cli/shortcuts/im/im_chat_search.go:121.4,122.28 2 0
github.com/larksuite/cli/shortcuts/im/im_chat_search.go:122.28,127.57 2 0
github.com/larksuite/cli/shortcuts/im/im_chat_search.go:127.57,129.6 1 0
github.com/larksuite/cli/shortcuts/im/im_chat_search.go:130.5,130.60 1 0
github.com/larksuite/cli/shortcuts/im/im_chat_search.go:130.60,132.6 1 0
github.com/larksuite/cli/shortcuts/im/im_chat_search.go:133.5,133.63 1 0
github.com/larksuite/cli/shortcuts/im/im_chat_search.go:133.63,135.6 1 0
github.com/larksuite/cli/shortcuts/im/im_chat_search.go:136.5,136.49 1 0
github.com/larksuite/cli/shortcuts/im/im_chat_search.go:136.49,138.6 1 0
github.com/larksuite/cli/shortcuts/im/im_chat_search.go:139.5,139.61 1 0
github.com/larksuite/cli/shortcuts/im/im_chat_search.go:139.61,141.6 1 0
github.com/larksuite/cli/shortcuts/im/im_chat_search.go:142.5,142.69 1 0
github.com/larksuite/cli/shortcuts/im/im_chat_search.go:142.69,144.6 1 0
github.com/larksuite/cli/shortcuts/im/im_chat_search.go:145.5,145.29 1 0
github.com/larksuite/cli/shortcuts/im/im_chat_search.go:147.4,149.15 3 0
github.com/larksuite/cli/shortcuts/im/im_chat_search.go:149.15,151.24 2 0
github.com/larksuite/cli/shortcuts/im/im_chat_search.go:151.24,153.6 1 0
github.com/larksuite/cli/shortcuts/im/im_chat_search.go:154.5,154.20 1 0
github.com/larksuite/cli/shortcuts/im/im_chat_search.go:156.4,156.66 1 0
github.com/larksuite/cli/shortcuts/im/im_chat_search.go:158.3,158.13 1 0
github.com/larksuite/cli/shortcuts/im/im_chat_search.go:162.81,165.48 2 3
github.com/larksuite/cli/shortcuts/im/im_chat_search.go:165.48,169.3 1 3
github.com/larksuite/cli/shortcuts/im/im_chat_search.go:172.2,173.49 2 3
github.com/larksuite/cli/shortcuts/im/im_chat_search.go:173.49,175.3 1 1
github.com/larksuite/cli/shortcuts/im/im_chat_search.go:176.2,176.47 1 3
github.com/larksuite/cli/shortcuts/im/im_chat_search.go:176.47,178.3 1 1
github.com/larksuite/cli/shortcuts/im/im_chat_search.go:179.2,179.32 1 3
github.com/larksuite/cli/shortcuts/im/im_chat_search.go:179.32,181.3 1 1
github.com/larksuite/cli/shortcuts/im/im_chat_search.go:182.2,182.44 1 3
github.com/larksuite/cli/shortcuts/im/im_chat_search.go:182.44,184.3 1 1
github.com/larksuite/cli/shortcuts/im/im_chat_search.go:185.2,185.21 1 3
github.com/larksuite/cli/shortcuts/im/im_chat_search.go:185.21,187.3 1 1
github.com/larksuite/cli/shortcuts/im/im_chat_search.go:190.2,190.52 1 3
github.com/larksuite/cli/shortcuts/im/im_chat_search.go:190.52,192.3 1 1
github.com/larksuite/cli/shortcuts/im/im_chat_search.go:194.2,194.13 1 3
github.com/larksuite/cli/shortcuts/im/im_chat_search.go:197.83,199.42 2 1
github.com/larksuite/cli/shortcuts/im/im_chat_search.go:199.42,201.3 1 0
github.com/larksuite/cli/shortcuts/im/im_chat_search.go:201.8,203.3 1 1
github.com/larksuite/cli/shortcuts/im/im_chat_search.go:204.2,204.47 1 1
github.com/larksuite/cli/shortcuts/im/im_chat_search.go:204.47,206.3 1 1
github.com/larksuite/cli/shortcuts/im/im_chat_search.go:207.2,207.15 1 1
github.com/larksuite/cli/shortcuts/im/im_chat_search.go:210.52,214.35 1 8
github.com/larksuite/cli/shortcuts/im/im_chat_search.go:214.35,216.3 1 1
github.com/larksuite/cli/shortcuts/im/im_chat_search.go:217.2,217.57 1 7
github.com/larksuite/cli/shortcuts/im/im_chat_search.go:217.57,219.3 1 1
github.com/larksuite/cli/shortcuts/im/im_chat_search.go:220.2,220.29 1 7
github.com/larksuite/cli/shortcuts/im/im_chat_update.go:31.86,38.3 3 1
github.com/larksuite/cli/shortcuts/im/im_chat_update.go:39.76,41.56 2 3
github.com/larksuite/cli/shortcuts/im/im_chat_update.go:41.56,43.4 1 1
github.com/larksuite/cli/shortcuts/im/im_chat_update.go:46.3,47.43 2 2
github.com/larksuite/cli/shortcuts/im/im_chat_update.go:47.43,49.4 1 0
github.com/larksuite/cli/shortcuts/im/im_chat_update.go:52.3,52.80 1 2
github.com/larksuite/cli/shortcuts/im/im_chat_update.go:52.80,54.4 1 1
github.com/larksuite/cli/shortcuts/im/im_chat_update.go:57.3,58.21 2 1
github.com/larksuite/cli/shortcuts/im/im_chat_update.go:58.21,60.4 1 1
github.com/larksuite/cli/shortcuts/im/im_chat_update.go:62.3,62.13 1 0
github.com/larksuite/cli/shortcuts/im/im_chat_update.go:64.75,73.17 4 0
github.com/larksuite/cli/shortcuts/im/im_chat_update.go:73.17,75.4 1 0
github.com/larksuite/cli/shortcuts/im/im_chat_update.go:77.3,77.87 1 0
github.com/larksuite/cli/shortcuts/im/im_chat_update.go:77.87,79.4 1 0
github.com/larksuite/cli/shortcuts/im/im_chat_update.go:80.3,80.13 1 0
github.com/larksuite/cli/shortcuts/im/im_chat_update.go:84.81,87.35 2 3
github.com/larksuite/cli/shortcuts/im/im_chat_update.go:87.35,88.38 1 6
github.com/larksuite/cli/shortcuts/im/im_chat_update.go:88.38,90.4 1 4
github.com/larksuite/cli/shortcuts/im/im_chat_update.go:93.2,96.13 3 3
github.com/larksuite/cli/shortcuts/im/im_messages_mget.go:32.86,35.3 2 1
github.com/larksuite/cli/shortcuts/im/im_messages_mget.go:36.76,38.20 2 2
github.com/larksuite/cli/shortcuts/im/im_messages_mget.go:38.20,40.4 1 1
github.com/larksuite/cli/shortcuts/im/im_messages_mget.go:41.3,41.35 1 1
github.com/larksuite/cli/shortcuts/im/im_messages_mget.go:41.35,43.4 1 0
github.com/larksuite/cli/shortcuts/im/im_messages_mget.go:44.3,44.26 1 1
github.com/larksuite/cli/shortcuts/im/im_messages_mget.go:44.26,45.51 1 2
github.com/larksuite/cli/shortcuts/im/im_messages_mget.go:45.51,47.5 1 1
github.com/larksuite/cli/shortcuts/im/im_messages_mget.go:49.3,49.13 1 0
github.com/larksuite/cli/shortcuts/im/im_messages_mget.go:51.75,56.17 4 0
github.com/larksuite/cli/shortcuts/im/im_messages_mget.go:56.17,58.4 1 0
github.com/larksuite/cli/shortcuts/im/im_messages_mget.go:60.3,64.33 4 0
github.com/larksuite/cli/shortcuts/im/im_messages_mget.go:64.33,67.4 2 0
github.com/larksuite/cli/shortcuts/im/im_messages_mget.go:69.3,77.53 5 0
github.com/larksuite/cli/shortcuts/im/im_messages_mget.go:77.53,78.26 1 0
github.com/larksuite/cli/shortcuts/im/im_messages_mget.go:78.26,81.5 2 0
github.com/larksuite/cli/shortcuts/im/im_messages_mget.go:82.4,83.33 2 0
github.com/larksuite/cli/shortcuts/im/im_messages_mget.go:83.33,89.65 2 0
github.com/larksuite/cli/shortcuts/im/im_messages_mget.go:89.65,90.56 1 0
github.com/larksuite/cli/shortcuts/im/im_messages_mget.go:90.56,92.7 1 0
github.com/larksuite/cli/shortcuts/im/im_messages_mget.go:94.5,94.61 1 0
github.com/larksuite/cli/shortcuts/im/im_messages_mget.go:94.61,96.6 1 0
github.com/larksuite/cli/shortcuts/im/im_messages_mget.go:97.5,97.29 1 0
github.com/larksuite/cli/shortcuts/im/im_messages_mget.go:99.4,100.107 2 0
github.com/larksuite/cli/shortcuts/im/im_messages_mget.go:102.3,102.13 1 0
github.com/larksuite/cli/shortcuts/im/im_messages_reply.go:40.86,55.21 14 2
github.com/larksuite/cli/shortcuts/im/im_messages_reply.go:55.21,58.4 2 1
github.com/larksuite/cli/shortcuts/im/im_messages_reply.go:58.9,58.120 1 1
github.com/larksuite/cli/shortcuts/im/im_messages_reply.go:58.120,60.4 1 1
github.com/larksuite/cli/shortcuts/im/im_messages_reply.go:61.3,61.45 1 2
github.com/larksuite/cli/shortcuts/im/im_messages_reply.go:61.45,63.4 1 2
github.com/larksuite/cli/shortcuts/im/im_messages_reply.go:65.3,66.20 2 2
github.com/larksuite/cli/shortcuts/im/im_messages_reply.go:66.20,68.4 1 1
github.com/larksuite/cli/shortcuts/im/im_messages_reply.go:69.3,69.27 1 2
github.com/larksuite/cli/shortcuts/im/im_messages_reply.go:69.27,71.4 1 1
github.com/larksuite/cli/shortcuts/im/im_messages_reply.go:73.3,74.17 2 2
github.com/larksuite/cli/shortcuts/im/im_messages_reply.go:74.17,76.4 1 1
github.com/larksuite/cli/shortcuts/im/im_messages_reply.go:77.3,80.32 1 2
github.com/larksuite/cli/shortcuts/im/im_messages_reply.go:82.76,94.28 11 1
github.com/larksuite/cli/shortcuts/im/im_messages_reply.go:94.28,95.77 1 1
github.com/larksuite/cli/shortcuts/im/im_messages_reply.go:95.77,97.5 1 0
github.com/larksuite/cli/shortcuts/im/im_messages_reply.go:99.3,99.27 1 1
github.com/larksuite/cli/shortcuts/im/im_messages_reply.go:99.27,100.75 1 1
github.com/larksuite/cli/shortcuts/im/im_messages_reply.go:100.75,102.5 1 0
github.com/larksuite/cli/shortcuts/im/im_messages_reply.go:104.3,104.28 1 1
github.com/larksuite/cli/shortcuts/im/im_messages_reply.go:104.28,105.77 1 1
github.com/larksuite/cli/shortcuts/im/im_messages_reply.go:105.77,107.5 1 0
github.com/larksuite/cli/shortcuts/im/im_messages_reply.go:109.3,109.33 1 1
github.com/larksuite/cli/shortcuts/im/im_messages_reply.go:109.33,110.88 1 1
github.com/larksuite/cli/shortcuts/im/im_messages_reply.go:110.88,112.5 1 0
github.com/larksuite/cli/shortcuts/im/im_messages_reply.go:114.3,114.28 1 1
github.com/larksuite/cli/shortcuts/im/im_messages_reply.go:114.28,115.77 1 1
github.com/larksuite/cli/shortcuts/im/im_messages_reply.go:115.77,117.5 1 0
github.com/larksuite/cli/shortcuts/im/im_messages_reply.go:120.3,120.22 1 1
github.com/larksuite/cli/shortcuts/im/im_messages_reply.go:120.22,122.4 1 0
github.com/larksuite/cli/shortcuts/im/im_messages_reply.go:123.3,123.57 1 1
github.com/larksuite/cli/shortcuts/im/im_messages_reply.go:123.57,125.4 1 1
github.com/larksuite/cli/shortcuts/im/im_messages_reply.go:127.3,127.124 1 0
github.com/larksuite/cli/shortcuts/im/im_messages_reply.go:127.124,129.4 1 0
github.com/larksuite/cli/shortcuts/im/im_messages_reply.go:130.3,130.52 1 0
github.com/larksuite/cli/shortcuts/im/im_messages_reply.go:130.52,132.4 1 0
github.com/larksuite/cli/shortcuts/im/im_messages_reply.go:133.3,133.125 1 0
github.com/larksuite/cli/shortcuts/im/im_messages_reply.go:133.125,135.4 1 0
github.com/larksuite/cli/shortcuts/im/im_messages_reply.go:137.3,137.13 1 0
github.com/larksuite/cli/shortcuts/im/im_messages_reply.go:139.75,152.28 13 0
github.com/larksuite/cli/shortcuts/im/im_messages_reply.go:152.28,153.77 1 0
github.com/larksuite/cli/shortcuts/im/im_messages_reply.go:153.77,155.5 1 0
github.com/larksuite/cli/shortcuts/im/im_messages_reply.go:157.3,157.27 1 0
github.com/larksuite/cli/shortcuts/im/im_messages_reply.go:157.27,158.75 1 0
github.com/larksuite/cli/shortcuts/im/im_messages_reply.go:158.75,160.5 1 0
github.com/larksuite/cli/shortcuts/im/im_messages_reply.go:162.3,162.28 1 0
github.com/larksuite/cli/shortcuts/im/im_messages_reply.go:162.28,163.77 1 0
github.com/larksuite/cli/shortcuts/im/im_messages_reply.go:163.77,165.5 1 0
github.com/larksuite/cli/shortcuts/im/im_messages_reply.go:167.3,167.33 1 0
github.com/larksuite/cli/shortcuts/im/im_messages_reply.go:167.33,168.88 1 0
github.com/larksuite/cli/shortcuts/im/im_messages_reply.go:168.88,170.5 1 0
github.com/larksuite/cli/shortcuts/im/im_messages_reply.go:172.3,172.28 1 0
github.com/larksuite/cli/shortcuts/im/im_messages_reply.go:172.28,173.77 1 0
github.com/larksuite/cli/shortcuts/im/im_messages_reply.go:173.77,175.5 1 0
github.com/larksuite/cli/shortcuts/im/im_messages_reply.go:178.3,178.21 1 0
github.com/larksuite/cli/shortcuts/im/im_messages_reply.go:178.21,180.4 1 0
github.com/larksuite/cli/shortcuts/im/im_messages_reply.go:180.9,180.133 1 0
github.com/larksuite/cli/shortcuts/im/im_messages_reply.go:180.133,182.4 1 0
github.com/larksuite/cli/shortcuts/im/im_messages_reply.go:182.9,182.22 1 0
github.com/larksuite/cli/shortcuts/im/im_messages_reply.go:182.22,184.4 1 0
[...]
github.com/larksuite/cli/shortcuts/im/convert_lib/media.go:46.2,46.60 1 1
github.com/larksuite/cli/shortcuts/im/convert_lib/media.go:46.60,48.3 1 1
github.com/larksuite/cli/shortcuts/im/convert_lib/media.go:49.2,49.18 1 0
github.com/larksuite/cli/shortcuts/im/convert_lib/media.go:54.62,56.16 2 2
github.com/larksuite/cli/shortcuts/im/convert_lib/media.go:56.16,58.3 1 0
github.com/larksuite/cli/shortcuts/im/convert_lib/media.go:59.2,60.15 2 2
github.com/larksuite/cli/shortcuts/im/convert_lib/media.go:60.15,62.3 1 0
github.com/larksuite/cli/shortcuts/im/convert_lib/media.go:63.2,64.16 2 2
github.com/larksuite/cli/shortcuts/im/convert_lib/media.go:64.16,66.3 1 0
github.com/larksuite/cli/shortcuts/im/convert_lib/media.go:67.2,68.60 2 2
github.com/larksuite/cli/shortcuts/im/convert_lib/media.go:68.60,70.3 1 2
github.com/larksuite/cli/shortcuts/im/convert_lib/media.go:71.2,71.65 1 2
github.com/larksuite/cli/shortcuts/im/convert_lib/media.go:71.65,73.3 1 2
github.com/larksuite/cli/shortcuts/im/convert_lib/media.go:74.2,74.22 1 2
github.com/larksuite/cli/shortcuts/im/convert_lib/merge.go:23.66,27.47 1 3
github.com/larksuite/cli/shortcuts/im/convert_lib/merge.go:27.47,29.17 2 1
github.com/larksuite/cli/shortcuts/im/convert_lib/merge.go:29.17,31.4 1 0
github.com/larksuite/cli/shortcuts/im/convert_lib/merge.go:32.3,32.24 1 1
github.com/larksuite/cli/shortcuts/im/convert_lib/merge.go:32.24,38.4 4 1
github.com/larksuite/cli/shortcuts/im/convert_lib/merge.go:41.2,42.18 2 2
github.com/larksuite/cli/shortcuts/im/convert_lib/merge.go:42.18,44.3 1 1
github.com/larksuite/cli/shortcuts/im/convert_lib/merge.go:45.2,45.27 1 1
github.com/larksuite/cli/shortcuts/im/convert_lib/merge.go:51.119,60.16 2 3
github.com/larksuite/cli/shortcuts/im/convert_lib/merge.go:60.16,62.3 1 0
github.com/larksuite/cli/shortcuts/im/convert_lib/merge.go:64.2,65.65 2 3
github.com/larksuite/cli/shortcuts/im/convert_lib/merge.go:65.65,67.3 1 0
github.com/larksuite/cli/shortcuts/im/convert_lib/merge.go:68.2,69.17 2 3
github.com/larksuite/cli/shortcuts/im/convert_lib/merge.go:69.17,71.3 1 1
github.com/larksuite/cli/shortcuts/im/convert_lib/merge.go:73.2,75.31 3 2
github.com/larksuite/cli/shortcuts/im/convert_lib/merge.go:75.31,76.48 1 2
github.com/larksuite/cli/shortcuts/im/convert_lib/merge.go:76.48,78.4 1 2
github.com/larksuite/cli/shortcuts/im/convert_lib/merge.go:80.2,80.19 1 2
github.com/larksuite/cli/shortcuts/im/convert_lib/merge.go:83.56,85.2 1 4
github.com/larksuite/cli/shortcuts/im/convert_lib/merge.go:88.48,90.16 2 3
github.com/larksuite/cli/shortcuts/im/convert_lib/merge.go:90.16,92.3 1 0
github.com/larksuite/cli/shortcuts/im/convert_lib/merge.go:93.2,95.28 3 3
github.com/larksuite/cli/shortcuts/im/convert_lib/merge.go:95.28,96.31 1 4
github.com/larksuite/cli/shortcuts/im/convert_lib/merge.go:96.31,98.4 1 4
github.com/larksuite/cli/shortcuts/im/convert_lib/merge.go:100.2,100.12 1 3
github.com/larksuite/cli/shortcuts/im/convert_lib/merge.go:106.125,108.29 2 2
github.com/larksuite/cli/shortcuts/im/convert_lib/merge.go:108.29,112.46 3 5
github.com/larksuite/cli/shortcuts/im/convert_lib/merge.go:112.46,113.12 1 1
github.com/larksuite/cli/shortcuts/im/convert_lib/merge.go:115.3,116.21 2 4
github.com/larksuite/cli/shortcuts/im/convert_lib/merge.go:116.21,118.4 1 3
github.com/larksuite/cli/shortcuts/im/convert_lib/merge.go:119.3,119.52 1 4
github.com/larksuite/cli/shortcuts/im/convert_lib/merge.go:122.2,122.34 1 2
github.com/larksuite/cli/shortcuts/im/convert_lib/merge.go:122.34,123.44 1 3
github.com/larksuite/cli/shortcuts/im/convert_lib/merge.go:123.44,125.4 1 1
github.com/larksuite/cli/shortcuts/im/convert_lib/merge.go:127.2,127.15 1 2
github.com/larksuite/cli/shortcuts/im/convert_lib/merge.go:133.105,135.24 2 3
github.com/larksuite/cli/shortcuts/im/convert_lib/merge.go:135.24,137.3 1 0
github.com/larksuite/cli/shortcuts/im/convert_lib/merge.go:139.2,140.32 2 3
github.com/larksuite/cli/shortcuts/im/convert_lib/merge.go:140.32,142.20 2 4
github.com/larksuite/cli/shortcuts/im/convert_lib/merge.go:142.20,144.4 1 0
github.com/larksuite/cli/shortcuts/im/convert_lib/merge.go:146.3,147.67 2 4
github.com/larksuite/cli/shortcuts/im/convert_lib/merge.go:147.67,148.57 1 4
github.com/larksuite/cli/shortcuts/im/convert_lib/merge.go:148.57,150.5 1 4
github.com/larksuite/cli/shortcuts/im/convert_lib/merge.go:150.10,150.58 1 0
github.com/larksuite/cli/shortcuts/im/convert_lib/merge.go:150.58,152.5 1 0
github.com/larksuite/cli/shortcuts/im/convert_lib/merge.go:155.3,160.48 5 4
github.com/larksuite/cli/shortcuts/im/convert_lib/merge.go:160.48,162.4 1 1
github.com/larksuite/cli/shortcuts/im/convert_lib/merge.go:162.9,164.61 2 3
github.com/larksuite/cli/shortcuts/im/convert_lib/merge.go:164.61,166.5 1 3
github.com/larksuite/cli/shortcuts/im/convert_lib/merge.go:167.4,171.6 2 3
github.com/larksuite/cli/shortcuts/im/convert_lib/merge.go:174.3,174.104 1 4
github.com/larksuite/cli/shortcuts/im/convert_lib/merge.go:177.2,177.21 1 3
github.com/larksuite/cli/shortcuts/im/convert_lib/merge.go:177.21,179.3 1 0
github.com/larksuite/cli/shortcuts/im/convert_lib/merge.go:180.2,180.89 1 3
github.com/larksuite/cli/shortcuts/im/convert_lib/merge.go:184.55,187.13 3 5
github.com/larksuite/cli/shortcuts/im/convert_lib/merge.go:187.13,189.3 1 0
github.com/larksuite/cli/shortcuts/im/convert_lib/merge.go:190.2,191.31 2 5
github.com/larksuite/cli/shortcuts/im/convert_lib/merge.go:195.46,197.29 2 5
github.com/larksuite/cli/shortcuts/im/convert_lib/merge.go:197.29,199.3 1 9
github.com/larksuite/cli/shortcuts/im/convert_lib/merge.go:200.2,200.34 1 5
github.com/larksuite/cli/shortcuts/im/convert_lib/merge.go:204.67,209.2 4 3
github.com/larksuite/cli/shortcuts/im/convert_lib/misc.go:14.59,14.81 1 1
github.com/larksuite/cli/shortcuts/im/convert_lib/misc.go:18.61,18.86 1 1
github.com/larksuite/cli/shortcuts/im/convert_lib/misc.go:22.63,24.16 2 1
github.com/larksuite/cli/shortcuts/im/convert_lib/misc.go:24.16,26.3 1 0
github.com/larksuite/cli/shortcuts/im/convert_lib/misc.go:27.2,27.51 1 1
github.com/larksuite/cli/shortcuts/im/convert_lib/misc.go:27.51,29.3 1 1
github.com/larksuite/cli/shortcuts/im/convert_lib/misc.go:30.2,30.22 1 0
github.com/larksuite/cli/shortcuts/im/convert_lib/misc.go:39.63,41.16 2 2
github.com/larksuite/cli/shortcuts/im/convert_lib/misc.go:41.16,43.3 1 1
github.com/larksuite/cli/shortcuts/im/convert_lib/misc.go:44.2,44.51 1 1
github.com/larksuite/cli/shortcuts/im/convert_lib/misc.go:44.51,46.3 1 1
github.com/larksuite/cli/shortcuts/im/convert_lib/misc.go:47.2,47.22 1 0
github.com/larksuite/cli/shortcuts/im/convert_lib/misc.go:52.62,54.16 2 1
github.com/larksuite/cli/shortcuts/im/convert_lib/misc.go:54.16,56.3 1 0
github.com/larksuite/cli/shortcuts/im/convert_lib/misc.go:57.2,57.52 1 1
github.com/larksuite/cli/shortcuts/im/convert_lib/misc.go:57.52,59.3 1 1
github.com/larksuite/cli/shortcuts/im/convert_lib/misc.go:60.2,60.21 1 0
github.com/larksuite/cli/shortcuts/im/convert_lib/misc.go:65.60,67.16 2 1
github.com/larksuite/cli/shortcuts/im/convert_lib/misc.go:67.16,69.3 1 0
github.com/larksuite/cli/shortcuts/im/convert_lib/misc.go:70.2,71.15 2 1
github.com/larksuite/cli/shortcuts/im/convert_lib/misc.go:71.15,73.3 1 0
github.com/larksuite/cli/shortcuts/im/convert_lib/misc.go:74.2,75.16 2 1
github.com/larksuite/cli/shortcuts/im/convert_lib/misc.go:75.16,77.3 1 1
github.com/larksuite/cli/shortcuts/im/convert_lib/misc.go:78.2,78.63 1 0
github.com/larksuite/cli/shortcuts/im/convert_lib/misc.go:85.67,87.16 2 1
github.com/larksuite/cli/shortcuts/im/convert_lib/misc.go:87.16,89.3 1 0
github.com/larksuite/cli/shortcuts/im/convert_lib/misc.go:90.2,93.22 4 1
github.com/larksuite/cli/shortcuts/im/convert_lib/misc.go:93.22,95.3 1 1
github.com/larksuite/cli/shortcuts/im/convert_lib/misc.go:96.2,96.19 1 1
github.com/larksuite/cli/shortcuts/im/convert_lib/misc.go:96.19,98.3 1 1
github.com/larksuite/cli/shortcuts/im/convert_lib/misc.go:99.2,99.63 1 1
github.com/larksuite/cli/shortcuts/im/convert_lib/misc.go:105.68,107.16 2 1
github.com/larksuite/cli/shortcuts/im/convert_lib/misc.go:107.16,109.3 1 0
github.com/larksuite/cli/shortcuts/im/convert_lib/misc.go:110.2,110.61 1 1
github.com/larksuite/cli/shortcuts/im/convert_lib/misc.go:115.69,117.16 2 1
github.com/larksuite/cli/shortcuts/im/convert_lib/misc.go:117.16,119.3 1 0
github.com/larksuite/cli/shortcuts/im/convert_lib/misc.go:120.2,120.54 1 1
github.com/larksuite/cli/shortcuts/im/convert_lib/misc.go:126.90,132.19 5 3
github.com/larksuite/cli/shortcuts/im/convert_lib/misc.go:132.19,134.3 1 3
github.com/larksuite/cli/shortcuts/im/convert_lib/misc.go:136.2,138.30 3 3
github.com/larksuite/cli/shortcuts/im/convert_lib/misc.go:138.30,140.3 1 1
github.com/larksuite/cli/shortcuts/im/convert_lib/misc.go:140.8,140.24 1 2
github.com/larksuite/cli/shortcuts/im/convert_lib/misc.go:140.24,142.3 1 1
github.com/larksuite/cli/shortcuts/im/convert_lib/misc.go:144.2,145.16 2 3
github.com/larksuite/cli/shortcuts/im/convert_lib/misc.go:145.16,147.3 1 0
github.com/larksuite/cli/shortcuts/im/convert_lib/misc.go:148.2,148.84 1 3
github.com/larksuite/cli/shortcuts/im/convert_lib/misc.go:153.58,155.16 2 1
github.com/larksuite/cli/shortcuts/im/convert_lib/misc.go:155.16,157.3 1 0
github.com/larksuite/cli/shortcuts/im/convert_lib/misc.go:158.2,161.17 3 1
github.com/larksuite/cli/shortcuts/im/convert_lib/misc.go:161.17,163.3 1 1
github.com/larksuite/cli/shortcuts/im/convert_lib/misc.go:164.2,164.55 1 1
github.com/larksuite/cli/shortcuts/im/convert_lib/misc.go:164.55,165.26 1 1
github.com/larksuite/cli/shortcuts/im/convert_lib/misc.go:165.26,166.42 1 2
github.com/larksuite/cli/shortcuts/im/convert_lib/misc.go:166.42,168.5 1 2
github.com/larksuite/cli/shortcuts/im/convert_lib/misc.go:172.2,172.65 1 1
github.com/larksuite/cli/shortcuts/im/convert_lib/misc.go:172.65,174.3 1 1
github.com/larksuite/cli/shortcuts/im/convert_lib/misc.go:176.2,177.16 2 1
github.com/larksuite/cli/shortcuts/im/convert_lib/misc.go:177.16,179.3 1 0
github.com/larksuite/cli/shortcuts/im/convert_lib/misc.go:180.2,180.64 1 1
github.com/larksuite/cli/shortcuts/im/convert_lib/misc.go:185.61,187.16 2 1
github.com/larksuite/cli/shortcuts/im/convert_lib/misc.go:187.16,189.3 1 0
github.com/larksuite/cli/shortcuts/im/convert_lib/misc.go:190.2,190.52 1 1
github.com/larksuite/cli/shortcuts/im/convert_lib/misc.go:190.52,192.3 1 1
github.com/larksuite/cli/shortcuts/im/convert_lib/misc.go:193.2,193.21 1 0
github.com/larksuite/cli/shortcuts/im/convert_lib/misc.go:198.58,200.16 2 1
github.com/larksuite/cli/shortcuts/im/convert_lib/misc.go:200.16,202.3 1 0
github.com/larksuite/cli/shortcuts/im/convert_lib/misc.go:204.2,206.18 3 1
github.com/larksuite/cli/shortcuts/im/convert_lib/misc.go:206.18,208.3 1 1
github.com/larksuite/cli/shortcuts/im/convert_lib/misc.go:210.2,211.67 2 1
github.com/larksuite/cli/shortcuts/im/convert_lib/misc.go:211.67,212.57 1 1
github.com/larksuite/cli/shortcuts/im/convert_lib/misc.go:212.57,214.4 1 1
github.com/larksuite/cli/shortcuts/im/convert_lib/misc.go:215.3,215.59 1 1
github.com/larksuite/cli/shortcuts/im/convert_lib/misc.go:215.59,216.57 1 1
github.com/larksuite/cli/shortcuts/im/convert_lib/misc.go:216.57,218.5 1 1
github.com/larksuite/cli/shortcuts/im/convert_lib/misc.go:221.2,221.62 1 1
github.com/larksuite/cli/shortcuts/im/convert_lib/misc.go:221.62,222.61 1 1
github.com/larksuite/cli/shortcuts/im/convert_lib/misc.go:222.61,224.4 1 1
github.com/larksuite/cli/shortcuts/im/convert_lib/misc.go:227.2,228.16 2 1
github.com/larksuite/cli/shortcuts/im/convert_lib/misc.go:228.16,230.3 1 0
github.com/larksuite/cli/shortcuts/im/convert_lib/misc.go:231.2,231.76 1 1
github.com/larksuite/cli/shortcuts/im/convert_lib/misc.go:236.60,238.16 2 1
github.com/larksuite/cli/shortcuts/im/convert_lib/misc.go:238.16,240.3 1 0
github.com/larksuite/cli/shortcuts/im/convert_lib/misc.go:242.2,243.16 2 1
github.com/larksuite/cli/shortcuts/im/convert_lib/misc.go:243.16,245.3 1 0
github.com/larksuite/cli/shortcuts/im/convert_lib/misc.go:247.2,249.62 2 1
github.com/larksuite/cli/shortcuts/im/convert_lib/misc.go:249.62,251.31 2 1
github.com/larksuite/cli/shortcuts/im/convert_lib/misc.go:251.31,252.42 1 1
github.com/larksuite/cli/shortcuts/im/convert_lib/misc.go:252.42,254.5 1 1
github.com/larksuite/cli/shortcuts/im/convert_lib/misc.go:256.3,256.82 1 1
github.com/larksuite/cli/shortcuts/im/convert_lib/misc.go:257.8,259.3 1 0
github.com/larksuite/cli/shortcuts/im/convert_lib/misc.go:261.2,261.65 1 1
github.com/larksuite/cli/shortcuts/im/convert_lib/misc.go:261.65,263.32 2 1
github.com/larksuite/cli/shortcuts/im/convert_lib/misc.go:263.32,264.42 1 2
github.com/larksuite/cli/shortcuts/im/convert_lib/misc.go:264.42,266.5 1 2
github.com/larksuite/cli/shortcuts/im/convert_lib/misc.go:268.3,268.84 1 1
github.com/larksuite/cli/shortcuts/im/convert_lib/misc.go:269.8,271.3 1 0
github.com/larksuite/cli/shortcuts/im/convert_lib/misc.go:273.2,273.72 1 1
github.com/larksuite/cli/shortcuts/im/convert_lib/misc.go:273.72,276.3 2 0
github.com/larksuite/cli/shortcuts/im/convert_lib/misc.go:276.8,278.3 1 1
github.com/larksuite/cli/shortcuts/im/convert_lib/misc.go:282.2,282.88 1 1
github.com/larksuite/cli/shortcuts/im/convert_lib/misc.go:282.88,284.48 2 1
github.com/larksuite/cli/shortcuts/im/convert_lib/misc.go:284.48,286.4 1 1
github.com/larksuite/cli/shortcuts/im/convert_lib/misc.go:287.3,287.15 1 0
github.com/larksuite/cli/shortcuts/im/convert_lib/misc.go:290.2,290.35 1 1
github.com/larksuite/cli/shortcuts/im/convert_lib/text.go:14.58,16.16 2 9
github.com/larksuite/cli/shortcuts/im/convert_lib/text.go:16.16,18.3 1 1
github.com/larksuite/cli/shortcuts/im/convert_lib/text.go:19.2,20.16 2 8
github.com/larksuite/cli/shortcuts/im/convert_lib/text.go:20.16,22.3 1 1
github.com/larksuite/cli/shortcuts/im/convert_lib/text.go:23.2,23.49 1 7
github.com/larksuite/cli/shortcuts/im/convert_lib/text.go:28.58,30.33 2 3
github.com/larksuite/cli/shortcuts/im/convert_lib/text.go:30.33,32.3 1 1
github.com/larksuite/cli/shortcuts/im/convert_lib/text.go:33.2,34.17 2 2
github.com/larksuite/cli/shortcuts/im/convert_lib/text.go:34.17,36.3 1 1
github.com/larksuite/cli/shortcuts/im/convert_lib/text.go:38.2,39.53 2 1
github.com/larksuite/cli/shortcuts/im/convert_lib/text.go:39.53,41.3 1 1
github.com/larksuite/cli/shortcuts/im/convert_lib/text.go:42.2,42.67 1 1
github.com/larksuite/cli/shortcuts/im/convert_lib/text.go:42.67,43.31 1 1
github.com/larksuite/cli/shortcuts/im/convert_lib/text.go:43.31,46.29 3 2
github.com/larksuite/cli/shortcuts/im/convert_lib/text.go:46.29,49.5 2 3
github.com/larksuite/cli/shortcuts/im/convert_lib/text.go:50.4,50.40 1 2
github.com/larksuite/cli/shortcuts/im/convert_lib/text.go:54.2,55.18 2 1
github.com/larksuite/cli/shortcuts/im/convert_lib/text.go:55.18,57.3 1 0
github.com/larksuite/cli/shortcuts/im/convert_lib/text.go:58.2,58.51 1 1
github.com/larksuite/cli/shortcuts/im/convert_lib/text.go:61.77,62.36 1 5
github.com/larksuite/cli/shortcuts/im/convert_lib/text.go:62.36,64.3 1 0
github.com/larksuite/cli/shortcuts/im/convert_lib/text.go:65.2,65.34 1 5
github.com/larksuite/cli/shortcuts/im/convert_lib/text.go:65.34,67.3 1 1
github.com/larksuite/cli/shortcuts/im/convert_lib/text.go:68.2,68.61 1 4
github.com/larksuite/cli/shortcuts/im/convert_lib/text.go:68.61,69.34 1 8
github.com/larksuite/cli/shortcuts/im/convert_lib/text.go:69.34,70.47 1 2
github.com/larksuite/cli/shortcuts/im/convert_lib/text.go:70.47,72.5 1 2
github.com/larksuite/cli/shortcuts/im/convert_lib/text.go:75.2,76.26 2 2
github.com/larksuite/cli/shortcuts/im/convert_lib/text.go:76.26,78.3 1 3
github.com/larksuite/cli/shortcuts/im/convert_lib/text.go:79.2,80.27 2 2
github.com/larksuite/cli/shortcuts/im/convert_lib/text.go:80.27,82.46 2 2
github.com/larksuite/cli/shortcuts/im/convert_lib/text.go:82.46,84.4 1 1
github.com/larksuite/cli/shortcuts/im/convert_lib/text.go:86.2,86.12 1 1
github.com/larksuite/cli/shortcuts/im/convert_lib/text.go:89.55,91.13 2 18
github.com/larksuite/cli/shortcuts/im/convert_lib/text.go:92.14,94.14 2 5
github.com/larksuite/cli/shortcuts/im/convert_lib/text.go:95.11,98.31 3 3
github.com/larksuite/cli/shortcuts/im/convert_lib/text.go:98.31,100.4 1 3
github.com/larksuite/cli/shortcuts/im/convert_lib/text.go:101.3,101.17 1 0
github.com/larksuite/cli/shortcuts/im/convert_lib/text.go:101.17,103.4 1 0
github.com/larksuite/cli/shortcuts/im/convert_lib/text.go:104.3,104.14 1 0
github.com/larksuite/cli/shortcuts/im/convert_lib/text.go:105.12,107.43 2 4
github.com/larksuite/cli/shortcuts/im/convert_lib/text.go:107.43,109.4 1 1
github.com/larksuite/cli/shortcuts/im/convert_lib/text.go:110.3,111.17 2 3
github.com/larksuite/cli/shortcuts/im/convert_lib/text.go:111.17,113.4 1 3
github.com/larksuite/cli/shortcuts/im/convert_lib/text.go:114.3,114.22 1 0
github.com/larksuite/cli/shortcuts/im/convert_lib/text.go:115.13,117.16 2 2
github.com/larksuite/cli/shortcuts/im/convert_lib/text.go:117.16,119.4 1 2
github.com/larksuite/cli/shortcuts/im/convert_lib/text.go:120.3,120.19 1 0
github.com/larksuite/cli/shortcuts/im/convert_lib/text.go:121.15,123.16 2 1
github.com/larksuite/cli/shortcuts/im/convert_lib/text.go:123.16,125.4 1 1
github.com/larksuite/cli/shortcuts/im/convert_lib/text.go:126.3,126.19 1 0
github.com/larksuite/cli/shortcuts/im/convert_lib/text.go:127.20,130.17 3 1
github.com/larksuite/cli/shortcuts/im/convert_lib/text.go:130.17,132.4 1 1
github.com/larksuite/cli/shortcuts/im/convert_lib/text.go:133.3,133.47 1 0
github.com/larksuite/cli/shortcuts/im/convert_lib/text.go:134.12,135.19 1 1
github.com/larksuite/cli/shortcuts/im/convert_lib/text.go:136.10,138.14 2 1
github.com/larksuite/cli/shortcuts/im/convert_lib/thread.go:24.149,25.20 1 2
github.com/larksuite/cli/shortcuts/im/convert_lib/thread.go:25.20,27.3 1 0
github.com/larksuite/cli/shortcuts/im/convert_lib/thread.go:28.2,28.19 1 2
github.com/larksuite/cli/shortcuts/im/convert_lib/thread.go:28.19,30.3 1 0
github.com/larksuite/cli/shortcuts/im/convert_lib/thread.go:31.2,31.20 1 2
github.com/larksuite/cli/shortcuts/im/convert_lib/thread.go:31.20,33.3 1 0
github.com/larksuite/cli/shortcuts/im/convert_lib/thread.go:34.2,34.21 1 2
github.com/larksuite/cli/shortcuts/im/convert_lib/thread.go:34.21,36.3 1 0
github.com/larksuite/cli/shortcuts/im/convert_lib/thread.go:38.2,41.31 3 2
github.com/larksuite/cli/shortcuts/im/convert_lib/thread.go:41.31,42.33 1 3
github.com/larksuite/cli/shortcuts/im/convert_lib/thread.go:42.33,43.9 1 1
github.com/larksuite/cli/shortcuts/im/convert_lib/thread.go:45.3,46.29 2 2
github.com/larksuite/cli/shortcuts/im/convert_lib/thread.go:46.29,47.12 1 0
github.com/larksuite/cli/shortcuts/im/convert_lib/thread.go:49.3,52.64 3 2
github.com/larksuite/cli/shortcuts/im/convert_lib/thread.go:52.64,54.4 1 1
github.com/larksuite/cli/shortcuts/im/convert_lib/thread.go:56.3,57.22 2 2
github.com/larksuite/cli/shortcuts/im/convert_lib/thread.go:57.22,60.12 2 1
github.com/larksuite/cli/shortcuts/im/convert_lib/thread.go:64.3,64.24 1 1
github.com/larksuite/cli/shortcuts/im/convert_lib/thread.go:64.24,66.12 2 0
github.com/larksuite/cli/shortcuts/im/convert_lib/thread.go:68.3,68.27 1 1
github.com/larksuite/cli/shortcuts/im/convert_lib/thread.go:68.27,69.12 1 0
github.com/larksuite/cli/shortcuts/im/convert_lib/thread.go:72.3,73.32 2 1
github.com/larksuite/cli/shortcuts/im/convert_lib/thread.go:73.32,75.4 1 1
github.com/larksuite/cli/shortcuts/im/convert_lib/thread.go:76.3,80.14 4 1
github.com/larksuite/cli/shortcuts/im/convert_lib/thread.go:80.14,82.4 1 1
github.com/larksuite/cli/shortcuts/im/convert_lib/thread.go:83.3,83.34 1 1
github.com/larksuite/cli/shortcuts/im/convert_lib/thread.go:90.125,98.16 2 3
github.com/larksuite/cli/shortcuts/im/convert_lib/thread.go:98.16,100.3 1 2
github.com/larksuite/cli/shortcuts/im/convert_lib/thread.go:101.2,104.31 4 1
github.com/larksuite/cli/shortcuts/im/convert_lib/thread.go:104.31,105.48 1 1
github.com/larksuite/cli/shortcuts/im/convert_lib/thread.go:105.48,107.4 1 1
github.com/larksuite/cli/shortcuts/im/convert_lib/thread.go:109.2,109.28 1 1
